2024-08-10 13:00:56,162 [INFO] Activator:176 - 


2024-08-10 13:00:56,163 [INFO] Activator:177 - !SESSION log4j initialized
2024-08-10 13:00:57,965 [INFO] LogOutputStream:77 - [STDOUT_REDIRECT] 
2024-08-10 13:00:59,348 [INFO] ApplicationProperties:184 - Using Application install path: C:\ST\STM32CubeIDE_1.16.0\STM32CubeIDE\plugins\com.st.stm32cube.common.mx_6.12.0.202406281431
2024-08-10 13:00:59,363 [INFO] DbMcusXml:78 - Set database path to: C:\ST\STM32CubeIDE_1.16.0\STM32CubeIDE\plugins\com.st.stm32cube.common.mx_6.12.0.202406281431\\db\/mcu/
2024-08-10 13:00:59,363 [INFO] ApiDb:274 - Set plugin database path to: C:\ST\STM32CubeIDE_1.16.0\STM32CubeIDE\plugins\com.st.stm32cube.common.mx_6.12.0.202406281431\\db\/plugins/boardmanager/
2024-08-10 13:00:59,363 [WARN] ApiDb:259 - Overriding images path with different value:  => C:\ST\STM32CubeIDE_1.16.0\STM32CubeIDE\plugins\com.st.stm32cube.common.mx_6.12.0.202406281431\\db\/plugins/mcufinder/images/
2024-08-10 13:00:59,367 [INFO] ApiDb:250 - Set database path to: C:\Users\kamil\.stmcufinder\plugins\mcufinder//mcu/
2024-08-10 13:00:59,368 [INFO] DbMcusAds:125 - Set database path to: C:\Users\kamil\.stmcufinder\plugins\mcufinder//mcu/
2024-08-10 13:00:59,370 [INFO] CrossReferenceDbSqlite:203 - Set database path to: C:\Users\kamil\.stmcufinder\plugins\mcufinder//mcu/cs/
2024-08-10 13:00:59,455 [INFO] RulesReader:64 - Compatibility file has been processed (297 Rules)
2024-08-10 13:00:59,507 [INFO] DbMcusXml:78 - Set database path to: C:\ST\STM32CubeIDE_1.16.0\STM32CubeIDE\plugins\com.st.stm32cube.common.mx_6.12.0.202406281431\\db\/mcu/
2024-08-10 13:00:59,508 [INFO] ApiDb:274 - Set plugin database path to: C:\ST\STM32CubeIDE_1.16.0\STM32CubeIDE\plugins\com.st.stm32cube.common.mx_6.12.0.202406281431\\db\/plugins/boardmanager/
2024-08-10 13:00:59,508 [INFO] ApiDb:261 - Set plugin images path to: C:\ST\STM32CubeIDE_1.16.0\STM32CubeIDE\plugins\com.st.stm32cube.common.mx_6.12.0.202406281431\\db\/plugins/mcufinder/images/
2024-08-10 13:00:59,508 [WARN] DbFile:41 - Overriding database path with different value: C:\Users\kamil\.stmcufinder\plugins\mcufinder/ => C:\Users\kamil\.stmcufinder\plugins\mcufinder
2024-08-10 13:00:59,508 [INFO] ApiDb:250 - Set database path to: C:\Users\kamil\.stmcufinder\plugins\mcufinder//mcu/
2024-08-10 13:00:59,508 [WARN] DbFile:41 - Overriding database path with different value: C:\Users\kamil\.stmcufinder\plugins\mcufinder/ => C:\Users\kamil\.stmcufinder\plugins\mcufinder
2024-08-10 13:00:59,508 [INFO] DbMcusAds:125 - Set database path to: C:\Users\kamil\.stmcufinder\plugins\mcufinder//mcu/
2024-08-10 13:00:59,508 [WARN] DbFile:41 - Overriding database path with different value: C:\Users\kamil\.stmcufinder\plugins\mcufinder/ => C:\Users\kamil\.stmcufinder\plugins\mcufinder
2024-08-10 13:00:59,508 [WARN] DbFile:41 - Overriding database path with different value: C:\Users\kamil\.stmcufinder\plugins\mcufinder/ => C:\Users\kamil\.stmcufinder\plugins\mcufinder
2024-08-10 13:00:59,508 [INFO] CrossReferenceDbSqlite:203 - Set database path to: C:\Users\kamil\.stmcufinder\plugins\mcufinder//mcu/cs/
2024-08-10 13:00:59,561 [INFO] MainPanel:268 - HeapMemory: 268435456
2024-08-10 13:00:59,618 [INFO] DbMcusXml:78 - Set database path to: C:\ST\STM32CubeIDE_1.16.0\STM32CubeIDE\plugins\com.st.stm32cube.common.mx_6.12.0.202406281431\\db\/mcu/
2024-08-10 13:00:59,618 [INFO] ApiDb:274 - Set plugin database path to: C:\ST\STM32CubeIDE_1.16.0\STM32CubeIDE\plugins\com.st.stm32cube.common.mx_6.12.0.202406281431\\db\/plugins/boardmanager/
2024-08-10 13:00:59,618 [INFO] ApiDb:261 - Set plugin images path to: C:\ST\STM32CubeIDE_1.16.0\STM32CubeIDE\plugins\com.st.stm32cube.common.mx_6.12.0.202406281431\\db\/plugins/mcufinder/images/
2024-08-10 13:00:59,618 [WARN] DbFile:41 - Overriding database path with different value: C:\Users\kamil\.stmcufinder\plugins\mcufinder/ => C:\Users\kamil\.stmcufinder\plugins\mcufinder
2024-08-10 13:00:59,618 [INFO] ApiDb:250 - Set database path to: C:\Users\kamil\.stmcufinder\plugins\mcufinder//mcu/
2024-08-10 13:00:59,618 [WARN] DbFile:41 - Overriding database path with different value: C:\Users\kamil\.stmcufinder\plugins\mcufinder/ => C:\Users\kamil\.stmcufinder\plugins\mcufinder
2024-08-10 13:00:59,618 [INFO] DbMcusAds:125 - Set database path to: C:\Users\kamil\.stmcufinder\plugins\mcufinder//mcu/
2024-08-10 13:00:59,618 [WARN] DbFile:41 - Overriding database path with different value: C:\Users\kamil\.stmcufinder\plugins\mcufinder/ => C:\Users\kamil\.stmcufinder\plugins\mcufinder
2024-08-10 13:00:59,618 [WARN] DbFile:41 - Overriding database path with different value: C:\Users\kamil\.stmcufinder\plugins\mcufinder/ => C:\Users\kamil\.stmcufinder\plugins\mcufinder
2024-08-10 13:00:59,619 [INFO] CrossReferenceDbSqlite:203 - Set database path to: C:\Users\kamil\.stmcufinder\plugins\mcufinder//mcu/cs/
2024-08-10 13:00:59,632 [INFO] ApplicationProperties:184 - Using Application install path: C:\ST\STM32CubeIDE_1.16.0\STM32CubeIDE\plugins\com.st.stm32cube.common.mx_6.12.0.202406281431
2024-08-10 13:00:59,635 [INFO] PluginManage:196 - Search for loadable plugins [exclusion list=, ]
2024-08-10 13:00:59,636 [INFO] PluginManage:310 - Check plugin analytics
2024-08-10 13:00:59,763 [INFO] AnalyticsPlugin:253 - Accepted Software Licenses: 
2024-08-10 13:00:59,763 [INFO] AnalyticsPlugin:255 - Accepted CMSIS Pack Licenses: 
2024-08-10 13:00:59,763 [INFO] AnalyticsPlugin:257 - Accepted Firmware Licenses: 
2024-08-10 13:00:59,765 [INFO] PluginManage:359 - Loaded plugin analytics (category:tool,tabindex:-1)
2024-08-10 13:00:59,766 [INFO] PluginManage:310 - Check plugin cadmodel
2024-08-10 13:00:59,769 [INFO] CADModel:105 - Init CAD model plugin
2024-08-10 13:00:59,769 [INFO] PluginManage:359 - Loaded plugin cadmodel (category:power,tabindex:5)
2024-08-10 13:00:59,769 [INFO] PluginManage:310 - Check plugin clock
2024-08-10 13:00:59,776 [INFO] PluginManage:359 - Loaded plugin clock (category:base,tabindex:2)
2024-08-10 13:00:59,776 [INFO] PluginManage:310 - Check plugin ddr
2024-08-10 13:00:59,778 [INFO] PluginManage:359 - Loaded plugin ddr (category:tool,tabindex:6)
2024-08-10 13:00:59,778 [INFO] PluginManage:310 - Check plugin filemanager
2024-08-10 13:00:59,951 [INFO] PluginManage:359 - Loaded plugin filemanager (category:base,tabindex:10)
2024-08-10 13:00:59,952 [INFO] PluginManage:310 - Check plugin ipmanager
2024-08-10 13:00:59,958 [INFO] PluginManage:359 - Loaded plugin ipmanager (category:base,tabindex:5)
2024-08-10 13:00:59,958 [INFO] PluginManage:310 - Check plugin lpbam
2024-08-10 13:00:59,965 [INFO] PluginManage:359 - Loaded plugin lpbam (category:base,tabindex:0)
2024-08-10 13:00:59,965 [INFO] PluginManage:310 - Check plugin memorymap
2024-08-10 13:00:59,972 [INFO] PluginManage:359 - Loaded plugin memorymap (category:base,tabindex:4)
2024-08-10 13:00:59,973 [INFO] PluginManage:310 - Check plugin pinoutandconfiguration
2024-08-10 13:00:59,978 [INFO] PluginManage:359 - Loaded plugin pinoutandconfiguration (category:base,tabindex:1)
2024-08-10 13:00:59,978 [INFO] PluginManage:310 - Check plugin pinoutconfig
2024-08-10 13:01:00,042 [WARN] SupportedApi:132 - Cannot load RTOS API schema: s4s-elt-must-match.1: The content of 'definitions' must match (annotation?, (simpleType | complexType)?, (unique | key | keyref)*)). A problem was found starting at: attribute.
2024-08-10 13:01:00,131 [INFO] PluginManage:359 - Loaded plugin pinoutconfig (category:base,tabindex:0)
2024-08-10 13:01:00,132 [INFO] PluginManage:310 - Check plugin power
2024-08-10 13:01:00,137 [INFO] PluginManage:359 - Loaded plugin power (category:power,tabindex:4)
2024-08-10 13:01:00,137 [INFO] PluginManage:310 - Check plugin projectmanager
2024-08-10 13:01:00,147 [INFO] PluginManage:359 - Loaded plugin projectmanager (category:projectmanager,tabindex:4)
2024-08-10 13:01:00,148 [INFO] PluginManage:310 - Check plugin rif
2024-08-10 13:01:00,153 [INFO] PluginManage:359 - Loaded plugin rif (category:base,tabindex:3)
2024-08-10 13:01:00,153 [INFO] PluginManage:310 - Check plugin thirdparty
2024-08-10 13:01:00,221 [INFO] PluginManage:359 - Loaded plugin thirdparty (category:base,tabindex:-1)
2024-08-10 13:01:00,221 [WARN] IntegrityCheckThread:84 - waiting for thirdparty lock release [integrity check]
2024-08-10 13:01:00,221 [INFO] IntegrityCheckThread:86 - entering critical section [integrity check]
2024-08-10 13:01:00,221 [INFO] PluginManage:310 - Check plugin tools
2024-08-10 13:01:00,222 [INFO] ThirdPartyUpdaterWithRetryManager:70 - Updater plugin not ready yet. [1/15]
2024-08-10 13:01:00,225 [INFO] PluginManage:359 - Loaded plugin tools (category:base,tabindex:7)
2024-08-10 13:01:00,225 [INFO] PluginManage:310 - Check plugin tutovideos
2024-08-10 13:01:00,433 [INFO] PluginManage:359 - Loaded plugin tutovideos (category:base,tabindex:-1)
2024-08-10 13:01:00,433 [INFO] PluginManage:310 - Check plugin updater
2024-08-10 13:01:00,448 [INFO] PluginManage:359 - Loaded plugin updater (category:base,tabindex:12)
2024-08-10 13:01:00,448 [INFO] PluginManage:310 - Check plugin userauth
2024-08-10 13:01:00,454 [INFO] UserAuth:113 - Init User Auth plugin
2024-08-10 13:01:00,454 [INFO] PluginManage:359 - Loaded plugin userauth (category:base,tabindex:14)
2024-08-10 13:01:00,455 [INFO] PluginManage:283 - PluginManage : Loaded plugins [18]
2024-08-10 13:01:00,614 [INFO] PinOutPanel:1561 - setPackage(No Configuration,No Configuration)
2024-08-10 13:01:00,695 [INFO] CADModel:165 - CPN selected for project level
2024-08-10 13:01:00,695 [INFO] CADModel:114 - Register for checkConnection events
2024-08-10 13:01:00,710 [INFO] IPUIPlugin:80 - create IPUIPlugin
2024-08-10 13:01:00,711 [INFO] PluginManager:220 - loadIPPluginJar : add adc
2024-08-10 13:01:00,712 [INFO] IPUIPlugin:80 - create IPUIPlugin
2024-08-10 13:01:00,712 [INFO] PluginManager:220 - loadIPPluginJar : add aes
2024-08-10 13:01:00,715 [INFO] IPUIPlugin:80 - create IPUIPlugin
2024-08-10 13:01:00,716 [INFO] PluginManager:220 - loadIPPluginJar : add can
2024-08-10 13:01:00,717 [INFO] IPUIPlugin:80 - create IPUIPlugin
2024-08-10 13:01:00,717 [INFO] PluginManager:220 - loadIPPluginJar : add comp
2024-08-10 13:01:00,719 [INFO] IPUIPlugin:80 - create IPUIPlugin
2024-08-10 13:01:00,719 [INFO] PluginManager:220 - loadIPPluginJar : add cryp
2024-08-10 13:01:00,721 [INFO] IPUIPlugin:80 - create IPUIPlugin
2024-08-10 13:01:00,721 [INFO] PluginManager:220 - loadIPPluginJar : add ddr_ctrl_phy
2024-08-10 13:01:00,722 [INFO] IPUIPlugin:80 - create IPUIPlugin
2024-08-10 13:01:00,722 [INFO] PluginManager:220 - loadIPPluginJar : add dfsdm
2024-08-10 13:01:00,725 [INFO] IPUIPlugin:80 - create IPUIPlugin
2024-08-10 13:01:00,726 [INFO] PluginManager:220 - loadIPPluginJar : add dma
2024-08-10 13:01:00,727 [INFO] IPUIPlugin:80 - create IPUIPlugin
2024-08-10 13:01:00,727 [INFO] PluginManager:220 - loadIPPluginJar : add dma3
2024-08-10 13:01:00,729 [INFO] IPUIPlugin:80 - create IPUIPlugin
2024-08-10 13:01:00,729 [INFO] PluginManager:220 - loadIPPluginJar : add extmemmanager
2024-08-10 13:01:00,730 [INFO] IPUIPlugin:80 - create IPUIPlugin
2024-08-10 13:01:00,730 [INFO] PluginManager:220 - loadIPPluginJar : add fatfs
2024-08-10 13:01:00,732 [INFO] IPUIPlugin:80 - create IPUIPlugin
2024-08-10 13:01:00,732 [INFO] PluginManager:220 - loadIPPluginJar : add fmc
2024-08-10 13:01:00,736 [INFO] IPUIPlugin:80 - create IPUIPlugin
2024-08-10 13:01:00,736 [INFO] PluginManager:220 - loadIPPluginJar : add freertos
2024-08-10 13:01:00,737 [INFO] IPUIPlugin:80 - create IPUIPlugin
2024-08-10 13:01:00,737 [INFO] PluginManager:220 - loadIPPluginJar : add genericplugin
2024-08-10 13:01:00,739 [INFO] IPUIPlugin:80 - create IPUIPlugin
2024-08-10 13:01:00,739 [INFO] PluginManager:220 - loadIPPluginJar : add gfxmmu
2024-08-10 13:01:00,741 [INFO] IPUIPlugin:80 - create IPUIPlugin
2024-08-10 13:01:00,741 [INFO] PluginManager:220 - loadIPPluginJar : add gic
2024-08-10 13:01:00,744 [INFO] IPUIPlugin:80 - create IPUIPlugin
2024-08-10 13:01:00,745 [INFO] PluginManager:220 - loadIPPluginJar : add gpio
2024-08-10 13:01:00,747 [INFO] IPUIPlugin:80 - create IPUIPlugin
2024-08-10 13:01:00,747 [INFO] PluginManager:220 - loadIPPluginJar : add gtzc
2024-08-10 13:01:00,748 [INFO] IPUIPlugin:80 - create IPUIPlugin
2024-08-10 13:01:00,748 [INFO] PluginManager:220 - loadIPPluginJar : add hash
2024-08-10 13:01:00,749 [INFO] IPUIPlugin:80 - create IPUIPlugin
2024-08-10 13:01:00,750 [INFO] PluginManager:220 - loadIPPluginJar : add i2c
2024-08-10 13:01:00,751 [INFO] IPUIPlugin:80 - create IPUIPlugin
2024-08-10 13:01:00,751 [INFO] PluginManager:220 - loadIPPluginJar : add i2s
2024-08-10 13:01:00,752 [INFO] IPUIPlugin:80 - create IPUIPlugin
2024-08-10 13:01:00,752 [INFO] PluginManager:220 - loadIPPluginJar : add i3c
2024-08-10 13:01:00,754 [INFO] IPUIPlugin:80 - create IPUIPlugin
2024-08-10 13:01:00,754 [INFO] PluginManager:220 - loadIPPluginJar : add ipddr
2024-08-10 13:01:00,761 [INFO] IPUIPlugin:80 - create IPUIPlugin
2024-08-10 13:01:00,762 [INFO] PluginManager:220 - loadIPPluginJar : add linkedlist
2024-08-10 13:01:00,765 [INFO] IPUIPlugin:80 - create IPUIPlugin
2024-08-10 13:01:00,765 [INFO] PluginManager:220 - loadIPPluginJar : add lorawan
2024-08-10 13:01:00,766 [INFO] IPUIPlugin:80 - create IPUIPlugin
2024-08-10 13:01:00,766 [INFO] PluginManager:220 - loadIPPluginJar : add ltdc
2024-08-10 13:01:00,770 [INFO] IPUIPlugin:80 - create IPUIPlugin
2024-08-10 13:01:00,771 [INFO] PluginManager:220 - loadIPPluginJar : add mdma
2024-08-10 13:01:00,773 [INFO] IPUIPlugin:80 - create IPUIPlugin
2024-08-10 13:01:00,773 [INFO] PluginManager:220 - loadIPPluginJar : add nvic
2024-08-10 13:01:00,775 [INFO] IPUIPlugin:80 - create IPUIPlugin
2024-08-10 13:01:00,775 [INFO] PluginManager:220 - loadIPPluginJar : add opamp
2024-08-10 13:01:00,777 [INFO] IPUIPlugin:80 - create IPUIPlugin
2024-08-10 13:01:00,777 [INFO] PluginManager:220 - loadIPPluginJar : add openamp
2024-08-10 13:01:00,779 [INFO] IPUIPlugin:80 - create IPUIPlugin
2024-08-10 13:01:00,779 [INFO] PluginManager:220 - loadIPPluginJar : add pdm2pcm
2024-08-10 13:01:00,784 [INFO] IPUIPlugin:80 - create IPUIPlugin
2024-08-10 13:01:00,786 [INFO] PluginManager:220 - loadIPPluginJar : add plateformsettings
2024-08-10 13:01:00,787 [INFO] IPUIPlugin:80 - create IPUIPlugin
2024-08-10 13:01:00,787 [INFO] PluginManager:220 - loadIPPluginJar : add quadspi
2024-08-10 13:01:00,789 [INFO] IPUIPlugin:80 - create IPUIPlugin
2024-08-10 13:01:00,789 [INFO] PluginManager:220 - loadIPPluginJar : add radio
2024-08-10 13:01:00,791 [INFO] IPUIPlugin:80 - create IPUIPlugin
2024-08-10 13:01:00,791 [INFO] PluginManager:220 - loadIPPluginJar : add resmgrutility
2024-08-10 13:01:00,793 [INFO] IPUIPlugin:80 - create IPUIPlugin
2024-08-10 13:01:00,793 [INFO] PluginManager:220 - loadIPPluginJar : add sai
2024-08-10 13:01:00,795 [INFO] IPUIPlugin:80 - create IPUIPlugin
2024-08-10 13:01:00,795 [INFO] PluginManager:220 - loadIPPluginJar : add spi
2024-08-10 13:01:00,798 [INFO] IPUIPlugin:80 - create IPUIPlugin
2024-08-10 13:01:00,798 [INFO] PluginManager:220 - loadIPPluginJar : add stm32_wpan
2024-08-10 13:01:00,799 [INFO] IPUIPlugin:80 - create IPUIPlugin
2024-08-10 13:01:00,799 [INFO] PluginManager:220 - loadIPPluginJar : add tim
2024-08-10 13:01:00,802 [INFO] IPUIPlugin:80 - create IPUIPlugin
2024-08-10 13:01:00,802 [INFO] PluginManager:220 - loadIPPluginJar : add touchsensing
2024-08-10 13:01:00,804 [INFO] IPUIPlugin:80 - create IPUIPlugin
2024-08-10 13:01:00,804 [INFO] PluginManager:220 - loadIPPluginJar : add tracer_emb
2024-08-10 13:01:00,806 [INFO] IPUIPlugin:80 - create IPUIPlugin
2024-08-10 13:01:00,807 [INFO] PluginManager:220 - loadIPPluginJar : add ts
2024-08-10 13:01:00,808 [INFO] IPUIPlugin:80 - create IPUIPlugin
2024-08-10 13:01:00,808 [INFO] PluginManager:220 - loadIPPluginJar : add tsc
2024-08-10 13:01:00,810 [INFO] IPUIPlugin:80 - create IPUIPlugin
2024-08-10 13:01:00,810 [INFO] PluginManager:220 - loadIPPluginJar : add ucpd
2024-08-10 13:01:00,812 [INFO] IPUIPlugin:80 - create IPUIPlugin
2024-08-10 13:01:00,812 [INFO] PluginManager:220 - loadIPPluginJar : add usart
2024-08-10 13:01:00,814 [INFO] IPUIPlugin:80 - create IPUIPlugin
2024-08-10 13:01:00,814 [INFO] PluginManager:220 - loadIPPluginJar : add usbx
2024-08-10 13:01:00,939 [INFO] CADModel:165 - CPN selected for project level
2024-08-10 13:01:00,939 [INFO] CADModel:114 - Register for checkConnection events
2024-08-10 13:01:00,939 [FATAL] Updater:334 - Updater called before beeing initialized
2024-08-10 13:01:00,939 [ERROR] CADModel:125 - Updater not yet initialized, retry later 
2024-08-10 13:01:01,037 [INFO] CADModel:165 - CPN selected for project level
2024-08-10 13:01:01,037 [INFO] CADModel:114 - Register for checkConnection events
2024-08-10 13:01:01,038 [FATAL] Updater:334 - Updater called before beeing initialized
2024-08-10 13:01:01,038 [ERROR] CADModel:125 - Updater not yet initialized, retry later 
2024-08-10 13:01:01,040 [FATAL] Updater:334 - Updater called before beeing initialized
2024-08-10 13:01:01,109 [FATAL] Updater:334 - Updater called before beeing initialized
2024-08-10 13:01:01,115 [INFO] DbMcusAds:53 - JSON generation date=Thu Sep 30 08:55:09 CEST 2021 (1632984909247)
2024-08-10 13:01:01,115 [FATAL] Updater:334 - Updater called before beeing initialized
2024-08-10 13:01:01,142 [WARN] DetailPanel:346 - Failed to get advertising image, set to default
2024-08-10 13:01:01,231 [FATAL] Updater:334 - Updater called before beeing initialized
2024-08-10 13:01:01,232 [FATAL] Updater:334 - Updater called before beeing initialized
2024-08-10 13:01:01,232 [FATAL] Updater:334 - Updater called before beeing initialized
2024-08-10 13:01:01,232 [WARN] DetailPanel:346 - Failed to get advertising image, set to default
2024-08-10 13:01:01,232 [FATAL] Updater:334 - Updater called before beeing initialized
2024-08-10 13:01:01,268 [ERROR] Updater:1164 - MainUpdater not yet initialized. External WinMGr cannot be set.
2024-08-10 13:01:01,269 [INFO] Updater:1100 - Updater Version found : 6.12.0
2024-08-10 13:01:01,285 [INFO] ApplicationProperties:184 - Using Application install path: C:\ST\STM32CubeIDE_1.16.0\STM32CubeIDE\plugins\com.st.stm32cube.common.mx_6.12.0.202406281431
2024-08-10 13:01:02,856 [ERROR] LogOutputStream:75 - [STDERR_REDIRECT] Aug 10, 2024 1:01:02 PM java.util.prefs.WindowsPreferences <init>
2024-08-10 13:01:02,857 [ERROR] LogOutputStream:75 - [STDERR_REDIRECT] WARNING: Could not open/create prefs root node Software\JavaSoft\Prefs at root 0xffffffff80000002. Windows RegCreateKeyEx(...) returned error code 5.
2024-08-10 13:01:02,857 [ERROR] LogOutputStream:75 - [STDERR_REDIRECT] 
2024-08-10 13:01:03,067 [INFO] MainUpdater:2873 - connection check result : 10
2024-08-10 13:01:03,067 [INFO] MainUpdater:3567 - Updater definition file requires update
2024-08-10 13:01:03,067 [INFO] MainUpdater:290 - Updater Check For Update Now.
2024-08-10 13:01:03,067 [INFO] MicroXplorer:498 - Change Database Version : DB.6.0.120
2024-08-10 13:01:03,072 [INFO] McuFinderGlobals:63 - Set McuFinder mode to 2 (CubeIDE integrated)
2024-08-10 13:01:03,073 [INFO] UserAuth:179 - activating auth plugin
2024-08-10 13:01:03,074 [INFO] UserAuth:417 - Internet connection configuration mode: 1
2024-08-10 13:01:03,087 [INFO] JxBrowserEngine:152 - Initiate JxBrowser Engine with user profile folder
2024-08-10 13:01:03,090 [INFO] ServerAccessManage:473 - Download File updaters.zip
2024-08-10 13:01:03,145 [INFO] FileExtend:240 - Unzip File : updaters.zip
2024-08-10 13:01:03,145 [INFO] FileExtend:255 - Standard Zip Deflate
2024-08-10 13:01:03,223 [WARN] MainUpdater:1194 - Updater busy. Cannot search thirdparties
2024-08-10 13:01:03,223 [INFO] ThirdPartyUpdaterWithRetryManager:96 - Updater plugin is busy. [1/15]
2024-08-10 13:01:03,397 [INFO] ServerAccessManage:473 - Download File PacksControlFlags.xml
2024-08-10 13:01:03,459 [INFO] ServerAccessManage:473 - Download File cubemx.pidx
2024-08-10 13:01:03,601 [INFO] LoadServerUpdatesThread:375 - End of LoadServerUpdate Thread
2024-08-10 13:01:03,642 [WARN] CheckServerUpdateThread:151 - Open CheckUpdateFile Fail
2024-08-10 13:01:03,734 [INFO] WebApp:167 - Instantiating new browser for Auth
2024-08-10 13:01:03,770 [INFO] CheckServerUpdateThread:120 - End of CheckServer Thread
2024-08-10 13:01:04,261 [INFO] WebApp:448 - Apply proxy settings
2024-08-10 13:01:04,261 [INFO] WebApp:533 - Chromium requires no authentication
2024-08-10 13:01:04,267 [INFO] WebApp:476 - Direct internet connection detected
2024-08-10 13:01:04,282 [INFO] WebApp:869 - Register for checkConnection events
2024-08-10 13:01:04,282 [INFO] WebApp:448 - Apply proxy settings
2024-08-10 13:01:04,282 [INFO] WebApp:533 - Chromium requires no authentication
2024-08-10 13:01:04,283 [INFO] WebApp:476 - Direct internet connection detected
2024-08-10 13:01:04,411 [INFO] WebApp:220 - Starting web application
2024-08-10 13:01:04,411 [INFO] WebApp:578 - Web application path used C:\ST\STM32CubeIDE_1.16.0\STM32CubeIDE\plugins\com.st.stm32cube.common.mx_6.12.0.202406281431\db\plugins\mcufinder\reactClient1\index.html
2024-08-10 13:01:04,660 [INFO] WebApp:186 - Connection restablished
2024-08-10 13:01:06,308 [WARN] PackLoader:240 - Cannot read IP mode file for STMicroelectronics.FP-SNS-MOTENVWB1.1.4.0
2024-08-10 13:01:06,318 [WARN] PackLoader:240 - Cannot read IP mode file for STMicroelectronics.FP-SNS-FLIGHT1.5.0.2
2024-08-10 13:01:06,339 [WARN] PackLoader:240 - Cannot read IP mode file for STMicroelectronics.X-CUBE-DISPLAY.3.0.0
2024-08-10 13:01:06,362 [WARN] PackLoader:240 - Cannot read IP mode file for STMicroelectronics.X-CUBE-BLE1.7.0.0
2024-08-10 13:01:06,382 [WARN] PackLoader:240 - Cannot read IP mode file for STMicroelectronics.X-CUBE-BLEMGR.3.1.0
2024-08-10 13:01:06,395 [WARN] PackLoader:240 - Cannot read IP mode file for STMicroelectronics.FP-SNS-SMARTAG2.1.2.0
2024-08-10 13:01:06,404 [WARN] PackLoader:240 - Cannot read IP mode file for STMicroelectronics.FP-SNS-MOTENV1.5.0.0
2024-08-10 13:01:06,415 [WARN] PackLoader:240 - Cannot read IP mode file for STMicroelectronics.X-CUBE-BLE2.3.3.0
2024-08-10 13:01:06,424 [WARN] PackLoader:240 - Cannot read IP mode file for STMicroelectronics.FP-ATR-SIGFOX1.3.2.0
2024-08-10 13:01:06,432 [WARN] PackLoader:240 - Cannot read IP mode file for STMicroelectronics.X-CUBE-AI.9.0.0
2024-08-10 13:01:06,443 [WARN] PackLoader:240 - Cannot read IP mode file for STMicroelectronics.X-CUBE-ALS.1.0.2
2024-08-10 13:01:06,450 [WARN] PackLoader:240 - Cannot read IP mode file for STMicroelectronics.FP-ATR-ASTRA1.2.0.0
2024-08-10 13:01:06,450 [INFO] ThirdParty:978 - Integrity check success = true
2024-08-10 13:01:06,450 [INFO] IntegrityCheckThread:100 - exiting critical section [integrity check]
2024-08-10 13:01:06,450 [INFO] IntegrityCheckThread:103 - End integrity checks thread
2024-08-10 13:01:23,987 [INFO] McuFinderGlobals:63 - Set McuFinder mode to 2 (CubeIDE integrated)
2024-08-10 13:01:23,994 [INFO] MainUpdater:2873 - connection check result : 10
2024-08-10 13:01:24,000 [INFO] McuFinderGlobals:76 - Set McuFinderConnectedMode to true
2024-08-10 13:01:24,189 [INFO] ServerAccessManage:473 - Download File mcusAds.json._tmp_
2024-08-10 13:01:24,298 [INFO] LoadUrlFilesThread:156 - End of LoadUrlFiles Thread
2024-08-10 13:01:24,474 [INFO] ServerAccessManage:473 - Download File cube-finder-db.zip
2024-08-10 13:01:25,579 [INFO] FileExtend:240 - Unzip File : cube-finder-db.zip
2024-08-10 13:01:25,579 [INFO] FileExtend:255 - Standard Zip Deflate
2024-08-10 13:01:26,090 [INFO] LoadUrlFilesThread:156 - End of LoadUrlFiles Thread
2024-08-10 13:01:26,398 [INFO] ServerAccessManage:473 - Download File crdb.zip
2024-08-10 13:01:26,608 [INFO] FileExtend:240 - Unzip File : crdb.zip
2024-08-10 13:01:26,608 [INFO] FileExtend:255 - Standard Zip Deflate
2024-08-10 13:01:26,723 [INFO] LoadUrlFilesThread:156 - End of LoadUrlFiles Thread
2024-08-10 13:01:26,852 [INFO] ServerAccessManage:473 - Download File tutoVideoDB.zip
2024-08-10 13:01:26,856 [INFO] FileExtend:240 - Unzip File : tutoVideoDB.zip
2024-08-10 13:01:26,856 [INFO] FileExtend:255 - Standard Zip Deflate
2024-08-10 13:01:26,964 [INFO] LoadUrlFilesThread:156 - End of LoadUrlFiles Thread
2024-08-10 13:01:26,965 [WARN] DbFile:41 - Overriding database path with different value: C:\Users\kamil\.stmcufinder\plugins\mcufinder/ => C:\Users\kamil\.stmcufinder\plugins\mcufinder
2024-08-10 13:01:27,209 [INFO] ServerAccessManage:473 - Download File api_config.json
2024-08-10 13:01:27,317 [INFO] LoadUrlFilesThread:156 - End of LoadUrlFiles Thread
2024-08-10 13:01:27,318 [INFO] DbMcusAds:53 - JSON generation date=Thu May 16 11:22:00 CEST 2024 (1715851320667)
2024-08-10 13:01:27,384 [INFO] ServerAccessManage:473 - Download File 
2024-08-10 13:01:27,405 [INFO] LoadUrlFilesThread:185 - End of LoadServerUrlFiles without Thread
2024-08-10 13:01:27,405 [INFO] TargetSelectorAdapter:259 - Refresh data is successful
2024-08-10 13:01:27,486 [INFO] ApiDb:581 - Connected to CubeFinder SQLite database (C:\Users\kamil\.stmcufinder\plugins\mcufinder\mcu\cube-finder-db.db)
2024-08-10 13:01:27,537 [INFO] ApiDb:668 - CubeFinder database Data Model version=2.1
2024-08-10 13:01:27,537 [INFO] ApiDb:669 - CubeFinder database Configuration version=3.0.39
2024-08-10 13:01:27,537 [INFO] ApiDb:670 - CubeFinder database generation date=2024-06-20 (1718880634)
2024-08-10 13:01:27,537 [INFO] ApiDb:671 - CubeFinder database FW Pack versions=[FP-ATR-ASTRA1_V2.0.0, FP-SNS-FLIGHT1_V5.0.2, FP-SNS-MOTENV1_V5.0.0, FP-SNS-MOTENVWB1_V1.4.0, FP-SNS-SMARTAG2_V1.2.0, STM32Cube_FW_C0_V1.2.0, STM32Cube_FW_F4_V1.28.0, STM32Cube_FW_F7_V1.17.2, STM32Cube_FW_G0_V1.6.2, STM32Cube_FW_G4_V1.6.0, STM32Cube_FW_H5_V1.3.0, STM32Cube_FW_H7RS_V1.1.0, STM32Cube_FW_H7_V1.11.2, STM32Cube_FW_L0_V1.12.2, STM32Cube_FW_L5_V1.5.1, STM32Cube_FW_U0_V1.1.0, STM32Cube_FW_U5_V1.6.0, STM32Cube_FW_WB0_V1.0.0, STM32Cube_FW_WBA_V1.4.0, STM32Cube_FW_WB_V1.20.0, STM32Cube_FW_WL_V1.3.0, X-CUBE-ALGOBUILD_V1.4.0, X-CUBE-ALS_V1.0.2, X-CUBE-AZRTOS-F4_V1.1.0, X-CUBE-AZRTOS-F7_V1.1.0, X-CUBE-AZRTOS-G0_V1.1.0, X-CUBE-AZRTOS-G4_V2.0.0, X-CUBE-AZRTOS-H7RS_V1.0.0, X-CUBE-AZRTOS-H7_V3.2.0, X-CUBE-AZRTOS-L4_V2.0.0, X-CUBE-AZRTOS-L5_V1.1.0, X-CUBE-AZRTOS-WB_V2.0.0, X-CUBE-AZRTOS-WL_V2.0.0, X-CUBE-BLE1_V7.0.0, X-CUBE-BLE2_V3.3.0, X-CUBE-BLEMGR_V3.1.0, X-CUBE-EEPRMA1_V5.1.0, X-CUBE-FREERTOS_V1.2.0, X-CUBE-GNSS1_V6.0.0, X-CUBE-MEMS1_V10.0.0, X-CUBE-NFC4_V3.0.0, X-CUBE-NFC7_V1.0.1, X-CUBE-SFXS2LP1_V4.0.0, X-CUBE-SUBG2_V5.0.0, X-CUBE-TOF1_V3.4.1]
2024-08-10 13:01:29,119 [INFO] ApiDb:240 - Found 646 in-development CPN: [B-G473E-ZEST1S, B-WB1M-WPAN1, B-WL5M-SUBG1, NUCLEO-C031C6, NUCLEO-C071RB, NUCLEO-H503RB, NUCLEO-H533RE, NUCLEO-H563ZI, NUCLEO-H7S3L8, NUCLEO-U031R8, NUCLEO-U083RC, NUCLEO-U545RE-Q, NUCLEO-U5A5ZJ-Q, NUCLEO-WB05KZ, NUCLEO-WB07CC, NUCLEO-WB09KE, NUCLEO-WBA52CG, NUCLEO-WBA55CG, STEVAL-PROTEUS1, STEVAL-SMARTAG2, STEVAL-STWINBX1, STM320518-EVAL, STM32C0116-DK, STM32C011D6Y3TR, STM32C011D6Y6TR, STM32C011F4P3, STM32C011F4P6, STM32C011F4U3, STM32C011F4U6TR, STM32C011F6P3, STM32C011F6P6, STM32C011F6U3, STM32C011F6U6TR, STM32C011J4M3, STM32C011J4M6, STM32C011J6M3, STM32C011J6M6, STM32C0316-DK, STM32C031C4T3, STM32C031C4T6, STM32C031C4U3, STM32C031C4U6, STM32C031C6T3, STM32C031C6T6, STM32C031C6U3, STM32C031C6U6, STM32C031F4P3, STM32C031F4P6, STM32C031F6P3, STM32C031F6P6, STM32C031G4U3, STM32C031G4U6, STM32C031G6U3, STM32C031G6U6, STM32C031K4T3, STM32C031K4T6, STM32C031K4U3, STM32C031K4U6, STM32C031K6T3, STM32C031K6T6, STM32C031K6U3, STM32C031K6U6, STM32C071C8T6, STM32C071C8T6N, STM32C071C8U6, STM32C071C8U6N, STM32C071CBT6, STM32C071CBT6N, STM32C071CBU6, STM32C071CBU6N, STM32C071F8P6, STM32C071F8P6N, STM32C071FBP6, STM32C071FBP6N, STM32C071FBY6TR, STM32C071G8U6, STM32C071G8U6N, STM32C071GBU6, STM32C071GBU6N, STM32C071K8T6, STM32C071K8T6N, STM32C071K8U6, STM32C071K8U6N, STM32C071KBT6, STM32C071KBT6N, STM32C071KBU6, STM32C071KBU6N, STM32C071R8T6, STM32C071R8T6N, STM32C071RBI6N, STM32C071RBT6, STM32C071RBT6N, STM32G071K8TXN, STM32G071K8UXN, STM32G081GBU6N, STM32G081KBT6N, STM32G081KBUXN, STM32G0B1CCT6N, STM32G0B1KCT6, STM32G0B1NEY6TR, STM32G0B1RCT6N, STM32G0C1CCT6, STM32G0C1CCT6N, STM32G0C1CCU6N, STM32G0C1CET6N, STM32G0C1CEU6N, STM32G0C1KCT6, STM32G0C1NEY6TR, STM32G0C1RCI6N, STM32G0C1RCT6N, STM32G0C1REI6N, STM32G0C1RET6N, STM32G0C1VCI6, STM32G0C1VEI6, STM32G411C6T3, STM32G411C6T6, STM32G411C6U3, STM32G411C6U6, STM32G411C8T3, STM32G411C8T6, STM32G411C8U3, STM32G411C8U6, STM32G411CBT3, STM32G411CBT6, STM32G411CBU3, STM32G411CBU6, STM32G411K6T3, STM32G411K6T6, STM32G411K6U3, STM32G411K6U6, STM32G411K8T3, STM32G411K8T6, STM32G411K8U3, STM32G411K8U6, STM32G411KBT3, STM32G411KBT6, STM32G411KBU3, STM32G411KBU6, STM32G411M6T3, STM32G411M6T6, STM32G411M8T3, STM32G411M8T6, STM32G411MBT3, STM32G411MBT6, STM32G411R6T3, STM32G411R6T6, STM32G411R8T3, STM32G411R8T6, STM32G411RBT3, STM32G411RBT6, STM32G414CBT3, STM32G414CBT6, STM32G414CBU3, STM32G414CBU6, STM32G414CCT3, STM32G414CCT6, STM32G414CCU3, STM32G414CCU6, STM32G414MBT3, STM32G414MBT6, STM32G414MCT3, STM32G414MCT6, STM32G414RBT3, STM32G414RBT6, STM32G414RCT3, STM32G414RCT6, STM32G414VBT3, STM32G414VBT6, STM32G414VCT3, STM32G414VCT6, STM32G431CBT3Z, STM32G431RBT3Z, STM32G471CCT6, STM32G471CCU6, STM32G471CET3, STM32G471CET6, STM32G471CEU3, STM32G471CEU6, STM32G471MCT6, STM32G471MET3, STM32G471MET6, STM32G471MEY6TR, STM32G471QCT6, STM32G471QET3, STM32G471RCT6, STM32G471RET3, STM32G471RET6, STM32G471VCH6, STM32G471VCI6, STM32G471VCT6, STM32G471VEH3, STM32G471VEH6, STM32G471VEI3, STM32G471VEI6, STM32G471VET3, STM32G471VET6, STM32G473QET3Z, STM32G473RET3Z, STM32G474CCT6, STM32G491RET3Z, STM32H503CBT6, STM32H503CBU6, STM32H503EBY6TR, STM32H503KBU6, STM32H503RBT6, STM32H523CCT6, STM32H523CCU6, STM32H523CET6, STM32H523CEU6, STM32H523HEY6TR, STM32H523RCT6, STM32H523RET6, STM32H523VCI6, STM32H523VCT6, STM32H523VEI6, STM32H523VET6, STM32H523ZCJ6, STM32H523ZCT6, STM32H523ZEJ6, STM32H523ZET6, STM32H533CET6, STM32H533CEU6, STM32H533HEY6TR, STM32H533RET6, STM32H533VEI6, STM32H533VET6, STM32H533ZEJ6, STM32H533ZET6, STM32H562AGI6, STM32H562AII6, STM32H562IGK6, STM32H562IGT6, STM32H562IIK6, STM32H562IIT6, STM32H562RGT6, STM32H562RGV6, STM32H562RIT6, STM32H562RIV6, STM32H562VGT6, STM32H562VIT6, STM32H562ZGT6, STM32H562ZIT6, STM32H563AGI6, STM32H563AII3Q, STM32H563AII6, STM32H563IGK6, STM32H563IGT6, STM32H563IIK3Q, STM32H563IIK6, STM32H563IIT3Q, STM32H563IIT6, STM32H563MIY3QTR, STM32H563RGT6, STM32H563RGV6, STM32H563RIT6, STM32H563RIV6, STM32H563VGT6, STM32H563VIT3Q, STM32H563VIT6, STM32H563ZGT6, STM32H563ZIT3Q, STM32H563ZIT6, STM32H573AII3Q, STM32H573AII6, STM32H573I-DK, STM32H573IIK3Q, STM32H573IIK6, STM32H573IIT3Q, STM32H573IIT6, STM32H573MIY3QTR, STM32H573RIT6, STM32H573RIV6, STM32H573VIT3Q, STM32H573VIT6, STM32H573ZIT3Q, STM32H573ZIT6, STM32H7R3A8I6, STM32H7R3I8K6, STM32H7R3I8T6, STM32H7R3L8H6, STM32H7R3L8H6H, STM32H7R3R8V6, STM32H7R3V8H6, STM32H7R3V8T6, STM32H7R3V8Y6TR, STM32H7R3Z8J6, STM32H7R3Z8T6, STM32H7R7A8I6, STM32H7R7I8K6, STM32H7R7I8T6, STM32H7R7L8H6, STM32H7R7L8H6H, STM32H7R7Z8J6, STM32H7S3A8I6, STM32H7S3I8K6, STM32H7S3I8T6, STM32H7S3L8H6, STM32H7S3L8H6H, STM32H7S3R8V6, STM32H7S3V8H6, STM32H7S3V8T6, STM32H7S3V8Y6TR, STM32H7S3Z8J6, STM32H7S3Z8T6, STM32H7S78-DK, STM32H7S7A8I6, STM32H7S7I8K6, STM32H7S7I8T6, STM32H7S7L8H6, STM32H7S7L8H6H, STM32H7S7Z8J6, STM32L4R5QGI6STR, STM32MP131AAE3, STM32MP131AAF3, STM32MP131AAG3, STM32MP131CAE3, STM32MP131CAF3, STM32MP131CAG3, STM32MP131DAE7, STM32MP131DAF7, STM32MP131DAG7, STM32MP131FAE7, STM32MP131FAF7, STM32MP131FAG7, STM32MP133AAE3, STM32MP133AAF3, STM32MP133AAG3, STM32MP133CAE3, STM32MP133CAF3, STM32MP133CAG3, STM32MP133DAE7, STM32MP133DAF7, STM32MP133DAG7, STM32MP133FAE7, STM32MP133FAF7, STM32MP133FAG7, STM32MP135AAE3, STM32MP135AAF3, STM32MP135AAG3, STM32MP135CAE3, STM32MP135CAF3, STM32MP135CAG3, STM32MP135DAE7, STM32MP135DAF7, STM32MP135DAG7, STM32MP135F-DK, STM32MP135FAE7, STM32MP135FAF7, STM32MP135FAF7T, STM32MP135FAF7U, STM32MP135FAG7, STM32MP251AAI3, STM32MP251AAK3, STM32MP251AAL3, STM32MP251CAI3, STM32MP251CAK3, STM32MP251CAL3, STM32MP251DAI3, STM32MP251DAK3, STM32MP251DAL3, STM32MP251FAI3, STM32MP251FAK3, STM32MP251FAL3, STM32MP253AAI3, STM32MP253AAK3, STM32MP253AAL3, STM32MP253CAI3, STM32MP253CAK3, STM32MP253CAL3, STM32MP253DAI3, STM32MP253DAK3, STM32MP253DAL3, STM32MP253FAI3, STM32MP253FAK3, STM32MP253FAL3, STM32MP255AAI3, STM32MP255AAK3, STM32MP255AAL3, STM32MP255CAI3, STM32MP255CAK3, STM32MP255CAL3, STM32MP255DAI3, STM32MP255DAK3, STM32MP255DAL3, STM32MP255FAI3, STM32MP255FAK3, STM32MP255FAL3, STM32MP257AAI3, STM32MP257AAK3, STM32MP257AAL3, STM32MP257CAI3, STM32MP257CAK3, STM32MP257CAL3, STM32MP257DAI3, STM32MP257DAK3, STM32MP257DAL3, STM32MP257F-DK, STM32MP257F-EV1, STM32MP257FAI3, STM32MP257FAK3, STM32MP257FAL3, STM32U031C6T6, STM32U031C6U6, STM32U031C8T6, STM32U031C8U6, STM32U031F4P6, STM32U031F6P6, STM32U031F8P6, STM32U031G6Y6TR, STM32U031G8Y6TR, STM32U031K4U6, STM32U031K6U6, STM32U031K8U6, STM32U031R6I6, STM32U031R6T6, STM32U031R8I6, STM32U031R8T6, STM32U073C8T6, STM32U073C8U6, STM32U073CBT6, STM32U073CBU6, STM32U073CCT6, STM32U073CCU6, STM32U073H8Y6TR, STM32U073HBY6TR, STM32U073HCY6TR, STM32U073K8U6, STM32U073KBU6, STM32U073KCU6, STM32U073M8I6, STM32U073M8T6, STM32U073MBI6, STM32U073MBT6, STM32U073MCI6, STM32U073MCT6, STM32U073R8I6, STM32U073R8T6, STM32U073RBI6, STM32U073RBT6, STM32U073RCI6, STM32U073RCT6, STM32U083C-DK, STM32U083CCT6, STM32U083CCU6, STM32U083HCY6TR, STM32U083KCU6, STM32U083MCI6, STM32U083MCT6, STM32U083RCI6, STM32U083RCT6, STM32U535CBT6, STM32U535CBT6Q, STM32U535CBU6, STM32U535CBU6Q, STM32U535CCT6, STM32U535CCT6Q, STM32U535CCU6, STM32U535CCU6Q, STM32U535CET6, STM32U535CET6Q, STM32U535CEU6, STM32U535CEU6Q, STM32U535JEY6QTR, STM32U535NCY6QTR, STM32U535NEY6QTR, STM32U535RBI6, STM32U535RBI6Q, STM32U535RBT6, STM32U535RBT6Q, STM32U535RCI6, STM32U535RCI6Q, STM32U535RCT6, STM32U535RCT6Q, STM32U535REI6, STM32U535REI6Q, STM32U535RET6, STM32U535RET6Q, STM32U535VCI6, STM32U535VCI6Q, STM32U535VCT6, STM32U535VCT6Q, STM32U535VEI6, STM32U535VEI6Q, STM32U535VET6, STM32U535VET6Q, STM32U545CET6, STM32U545CET6Q, STM32U545CEU6, STM32U545CEU6Q, STM32U545JEY6QTR, STM32U545NEY6QTR, STM32U545REI6, STM32U545REI6Q, STM32U545RET6, STM32U545RET6Q, STM32U545VEI6, STM32U545VEI6Q, STM32U545VET6, STM32U545VET6Q, STM32U595AIH6, STM32U595AIH6Q, STM32U595AJH6, STM32U595AJH6Q, STM32U595QII6, STM32U595QII6Q, STM32U595QJI6, STM32U595QJI6Q, STM32U595RIT6, STM32U595RIT6Q, STM32U595RJT6, STM32U595RJT6Q, STM32U595VIT6, STM32U595VIT6Q, STM32U595VJT6, STM32U595VJT6Q, STM32U595ZIT6, STM32U595ZIT6Q, STM32U595ZIY6QTR, STM32U595ZJT6, STM32U595ZJT6Q, STM32U595ZJY6QTR, STM32U599BJY6QTR, STM32U599NIH6Q, STM32U599NJH6Q, STM32U599VIT6Q, STM32U599VJT6, STM32U599VJT6Q, STM32U599ZIT6Q, STM32U599ZIY6QTR, STM32U599ZJT6Q, STM32U599ZJY6QTR, STM32U5A5AJH6, STM32U5A5AJH6Q, STM32U5A5QII3Q , STM32U5A5QJI6, STM32U5A5QJI6Q, STM32U5A5RJT6, STM32U5A5RJT6Q, STM32U5A5VJT6, STM32U5A5VJT6Q, STM32U5A5ZJT6, STM32U5A5ZJT6Q, STM32U5A5ZJY6QTR, STM32U5A9BJY6QTR, STM32U5A9J-DK, STM32U5A9NJH6Q, STM32U5A9VJT6Q, STM32U5A9ZJT6Q, STM32U5A9ZJY6QTR, STM32U5F7VIT6, STM32U5F7VIT6Q, STM32U5F7VJT6, STM32U5F7VJT6Q, STM32U5F9BJY6QTR, STM32U5F9NJH6Q, STM32U5F9VIT6Q, STM32U5F9VJT6Q, STM32U5F9ZIJ6QTR, STM32U5F9ZIT6Q, STM32U5F9ZJJ6QTR, STM32U5F9ZJT6Q, STM32U5G7VJT6, STM32U5G7VJT6Q, STM32U5G9BJY6QTR, STM32U5G9J-DK1, STM32U5G9J-DK2, STM32U5G9NJH6Q, STM32U5G9VJT6Q, STM32U5G9ZJJ6QTR, STM32U5G9ZJT6Q, STM32WB05KZV6TR, STM32WB05KZV7TR, STM32WB05TZF6TR, STM32WB05TZF7TR, STM32WB06CCF6TR, STM32WB06CCF7TR, STM32WB06CCV6TR, STM32WB06CCV7TR, STM32WB06KCV6TR, STM32WB06KCV7TR, STM32WB07CCF6TR, STM32WB07CCF7TR, STM32WB07CCV6TR, STM32WB07CCV7TR, STM32WB07KCV6TR, STM32WB07KCV7TR, STM32WB09KEV6TR, STM32WB09KEV7TR, STM32WB09TEF6TR, STM32WB09TEF7TR, STM32WB1MMCH6, STM32WBA50KGU6, STM32WBA50KGU6TR, STM32WBA52CEU6, STM32WBA52CEU6TR, STM32WBA52CEU7, STM32WBA52CEU7TR, STM32WBA52CGU6, STM32WBA52CGU6TR, STM32WBA52CGU6U, STM32WBA52CGU7, STM32WBA52CGU7TR, STM32WBA52KEU6, STM32WBA52KEU6TR, STM32WBA52KGU6, STM32WBA52KGU6TR, STM32WBA54CEU6, STM32WBA54CEU6TR, STM32WBA54CEU7, STM32WBA54CEU7TR, STM32WBA54CGU6, STM32WBA54CGU6TR, STM32WBA54CGU7, STM32WBA54CGU7TR, STM32WBA54KEU6, STM32WBA54KEU6TR, STM32WBA54KEU7, STM32WBA54KEU7TR, STM32WBA54KGU6, STM32WBA54KGU6TR, STM32WBA54KGU7, STM32WBA54KGU7TR, STM32WBA55CEU6, STM32WBA55CEU6TR, STM32WBA55CEU7, STM32WBA55CEU7TR, STM32WBA55CGU6, STM32WBA55CGU6TR, STM32WBA55CGU6U, STM32WBA55CGU7, STM32WBA55CGU7TR, STM32WBA55G-DK1, STM32WBA55HEF6, STM32WBA55HEF7, STM32WBA55HGF6, STM32WBA55HGF7, STM32WBA55UEI6, STM32WBA55UEI6TR, STM32WBA55UEI7, STM32WBA55UEI7TR, STM32WBA55UGI6, STM32WBA55UGI6TR, STM32WBA55UGI7, STM32WBA55UGI7TR, STM32WL5MOCH6, STM32WL5MOCH6TR]
2024-08-10 13:01:29,122 [INFO] DbMcus:218 - Found 4251 MCUs, 4251 are supported
2024-08-10 13:01:29,122 [INFO] ApiDb:414 - User favorites file not found: C:\Users\kamil/.stm32cubeide/favorites.mcus.txt
2024-08-10 13:01:29,122 [INFO] DbMcus:224 - Set 0 / 0 favorites MCUs
2024-08-10 13:01:29,349 [INFO] ApiDb:668 - CubeFinder database Data Model version=2.1
2024-08-10 13:01:29,350 [INFO] ApiDb:669 - CubeFinder database Configuration version=3.0.39
2024-08-10 13:01:29,350 [INFO] ApiDb:670 - CubeFinder database generation date=2024-06-20 (1718880634)
2024-08-10 13:01:29,350 [INFO] ApiDb:671 - CubeFinder database FW Pack versions=[FP-ATR-ASTRA1_V2.0.0, FP-SNS-FLIGHT1_V5.0.2, FP-SNS-MOTENV1_V5.0.0, FP-SNS-MOTENVWB1_V1.4.0, FP-SNS-SMARTAG2_V1.2.0, STM32Cube_FW_C0_V1.2.0, STM32Cube_FW_F4_V1.28.0, STM32Cube_FW_F7_V1.17.2, STM32Cube_FW_G0_V1.6.2, STM32Cube_FW_G4_V1.6.0, STM32Cube_FW_H5_V1.3.0, STM32Cube_FW_H7RS_V1.1.0, STM32Cube_FW_H7_V1.11.2, STM32Cube_FW_L0_V1.12.2, STM32Cube_FW_L5_V1.5.1, STM32Cube_FW_U0_V1.1.0, STM32Cube_FW_U5_V1.6.0, STM32Cube_FW_WB0_V1.0.0, STM32Cube_FW_WBA_V1.4.0, STM32Cube_FW_WB_V1.20.0, STM32Cube_FW_WL_V1.3.0, X-CUBE-ALGOBUILD_V1.4.0, X-CUBE-ALS_V1.0.2, X-CUBE-AZRTOS-F4_V1.1.0, X-CUBE-AZRTOS-F7_V1.1.0, X-CUBE-AZRTOS-G0_V1.1.0, X-CUBE-AZRTOS-G4_V2.0.0, X-CUBE-AZRTOS-H7RS_V1.0.0, X-CUBE-AZRTOS-H7_V3.2.0, X-CUBE-AZRTOS-L4_V2.0.0, X-CUBE-AZRTOS-L5_V1.1.0, X-CUBE-AZRTOS-WB_V2.0.0, X-CUBE-AZRTOS-WL_V2.0.0, X-CUBE-BLE1_V7.0.0, X-CUBE-BLE2_V3.3.0, X-CUBE-BLEMGR_V3.1.0, X-CUBE-EEPRMA1_V5.1.0, X-CUBE-FREERTOS_V1.2.0, X-CUBE-GNSS1_V6.0.0, X-CUBE-MEMS1_V10.0.0, X-CUBE-NFC4_V3.0.0, X-CUBE-NFC7_V1.0.1, X-CUBE-SFXS2LP1_V4.0.0, X-CUBE-SUBG2_V5.0.0, X-CUBE-TOF1_V3.4.1]
2024-08-10 13:01:29,387 [INFO] DbBoardsSqlite:226 - include board P-NUCLEO-WB55-NUCLEO as a kit item of type 'Nucleo-64'
2024-08-10 13:01:29,387 [INFO] DbBoardsSqlite:226 - include board P-NUCLEO-WB55-USBDONGLE as a kit item of type 'Nucleo USB Dongle'
2024-08-10 13:01:29,387 [INFO] DbBoardsSqlite:226 - include board STEVAL-IDP005V1 as a kit item of type 'Evaluation Board'
2024-08-10 13:01:29,388 [INFO] DbBoardsSqlite:226 - include board STEVAL-IDP005V2 as a kit item of type 'Evaluation Board'
2024-08-10 13:01:29,424 [INFO] ApiDb:240 - Found 646 in-development CPN: [B-G473E-ZEST1S, B-WB1M-WPAN1, B-WL5M-SUBG1, NUCLEO-C031C6, NUCLEO-C071RB, NUCLEO-H503RB, NUCLEO-H533RE, NUCLEO-H563ZI, NUCLEO-H7S3L8, NUCLEO-U031R8, NUCLEO-U083RC, NUCLEO-U545RE-Q, NUCLEO-U5A5ZJ-Q, NUCLEO-WB05KZ, NUCLEO-WB07CC, NUCLEO-WB09KE, NUCLEO-WBA52CG, NUCLEO-WBA55CG, STEVAL-PROTEUS1, STEVAL-SMARTAG2, STEVAL-STWINBX1, STM320518-EVAL, STM32C0116-DK, STM32C011D6Y3TR, STM32C011D6Y6TR, STM32C011F4P3, STM32C011F4P6, STM32C011F4U3, STM32C011F4U6TR, STM32C011F6P3, STM32C011F6P6, STM32C011F6U3, STM32C011F6U6TR, STM32C011J4M3, STM32C011J4M6, STM32C011J6M3, STM32C011J6M6, STM32C0316-DK, STM32C031C4T3, STM32C031C4T6, STM32C031C4U3, STM32C031C4U6, STM32C031C6T3, STM32C031C6T6, STM32C031C6U3, STM32C031C6U6, STM32C031F4P3, STM32C031F4P6, STM32C031F6P3, STM32C031F6P6, STM32C031G4U3, STM32C031G4U6, STM32C031G6U3, STM32C031G6U6, STM32C031K4T3, STM32C031K4T6, STM32C031K4U3, STM32C031K4U6, STM32C031K6T3, STM32C031K6T6, STM32C031K6U3, STM32C031K6U6, STM32C071C8T6, STM32C071C8T6N, STM32C071C8U6, STM32C071C8U6N, STM32C071CBT6, STM32C071CBT6N, STM32C071CBU6, STM32C071CBU6N, STM32C071F8P6, STM32C071F8P6N, STM32C071FBP6, STM32C071FBP6N, STM32C071FBY6TR, STM32C071G8U6, STM32C071G8U6N, STM32C071GBU6, STM32C071GBU6N, STM32C071K8T6, STM32C071K8T6N, STM32C071K8U6, STM32C071K8U6N, STM32C071KBT6, STM32C071KBT6N, STM32C071KBU6, STM32C071KBU6N, STM32C071R8T6, STM32C071R8T6N, STM32C071RBI6N, STM32C071RBT6, STM32C071RBT6N, STM32G071K8TXN, STM32G071K8UXN, STM32G081GBU6N, STM32G081KBT6N, STM32G081KBUXN, STM32G0B1CCT6N, STM32G0B1KCT6, STM32G0B1NEY6TR, STM32G0B1RCT6N, STM32G0C1CCT6, STM32G0C1CCT6N, STM32G0C1CCU6N, STM32G0C1CET6N, STM32G0C1CEU6N, STM32G0C1KCT6, STM32G0C1NEY6TR, STM32G0C1RCI6N, STM32G0C1RCT6N, STM32G0C1REI6N, STM32G0C1RET6N, STM32G0C1VCI6, STM32G0C1VEI6, STM32G411C6T3, STM32G411C6T6, STM32G411C6U3, STM32G411C6U6, STM32G411C8T3, STM32G411C8T6, STM32G411C8U3, STM32G411C8U6, STM32G411CBT3, STM32G411CBT6, STM32G411CBU3, STM32G411CBU6, STM32G411K6T3, STM32G411K6T6, STM32G411K6U3, STM32G411K6U6, STM32G411K8T3, STM32G411K8T6, STM32G411K8U3, STM32G411K8U6, STM32G411KBT3, STM32G411KBT6, STM32G411KBU3, STM32G411KBU6, STM32G411M6T3, STM32G411M6T6, STM32G411M8T3, STM32G411M8T6, STM32G411MBT3, STM32G411MBT6, STM32G411R6T3, STM32G411R6T6, STM32G411R8T3, STM32G411R8T6, STM32G411RBT3, STM32G411RBT6, STM32G414CBT3, STM32G414CBT6, STM32G414CBU3, STM32G414CBU6, STM32G414CCT3, STM32G414CCT6, STM32G414CCU3, STM32G414CCU6, STM32G414MBT3, STM32G414MBT6, STM32G414MCT3, STM32G414MCT6, STM32G414RBT3, STM32G414RBT6, STM32G414RCT3, STM32G414RCT6, STM32G414VBT3, STM32G414VBT6, STM32G414VCT3, STM32G414VCT6, STM32G431CBT3Z, STM32G431RBT3Z, STM32G471CCT6, STM32G471CCU6, STM32G471CET3, STM32G471CET6, STM32G471CEU3, STM32G471CEU6, STM32G471MCT6, STM32G471MET3, STM32G471MET6, STM32G471MEY6TR, STM32G471QCT6, STM32G471QET3, STM32G471RCT6, STM32G471RET3, STM32G471RET6, STM32G471VCH6, STM32G471VCI6, STM32G471VCT6, STM32G471VEH3, STM32G471VEH6, STM32G471VEI3, STM32G471VEI6, STM32G471VET3, STM32G471VET6, STM32G473QET3Z, STM32G473RET3Z, STM32G474CCT6, STM32G491RET3Z, STM32H503CBT6, STM32H503CBU6, STM32H503EBY6TR, STM32H503KBU6, STM32H503RBT6, STM32H523CCT6, STM32H523CCU6, STM32H523CET6, STM32H523CEU6, STM32H523HEY6TR, STM32H523RCT6, STM32H523RET6, STM32H523VCI6, STM32H523VCT6, STM32H523VEI6, STM32H523VET6, STM32H523ZCJ6, STM32H523ZCT6, STM32H523ZEJ6, STM32H523ZET6, STM32H533CET6, STM32H533CEU6, STM32H533HEY6TR, STM32H533RET6, STM32H533VEI6, STM32H533VET6, STM32H533ZEJ6, STM32H533ZET6, STM32H562AGI6, STM32H562AII6, STM32H562IGK6, STM32H562IGT6, STM32H562IIK6, STM32H562IIT6, STM32H562RGT6, STM32H562RGV6, STM32H562RIT6, STM32H562RIV6, STM32H562VGT6, STM32H562VIT6, STM32H562ZGT6, STM32H562ZIT6, STM32H563AGI6, STM32H563AII3Q, STM32H563AII6, STM32H563IGK6, STM32H563IGT6, STM32H563IIK3Q, STM32H563IIK6, STM32H563IIT3Q, STM32H563IIT6, STM32H563MIY3QTR, STM32H563RGT6, STM32H563RGV6, STM32H563RIT6, STM32H563RIV6, STM32H563VGT6, STM32H563VIT3Q, STM32H563VIT6, STM32H563ZGT6, STM32H563ZIT3Q, STM32H563ZIT6, STM32H573AII3Q, STM32H573AII6, STM32H573I-DK, STM32H573IIK3Q, STM32H573IIK6, STM32H573IIT3Q, STM32H573IIT6, STM32H573MIY3QTR, STM32H573RIT6, STM32H573RIV6, STM32H573VIT3Q, STM32H573VIT6, STM32H573ZIT3Q, STM32H573ZIT6, STM32H7R3A8I6, STM32H7R3I8K6, STM32H7R3I8T6, STM32H7R3L8H6, STM32H7R3L8H6H, STM32H7R3R8V6, STM32H7R3V8H6, STM32H7R3V8T6, STM32H7R3V8Y6TR, STM32H7R3Z8J6, STM32H7R3Z8T6, STM32H7R7A8I6, STM32H7R7I8K6, STM32H7R7I8T6, STM32H7R7L8H6, STM32H7R7L8H6H, STM32H7R7Z8J6, STM32H7S3A8I6, STM32H7S3I8K6, STM32H7S3I8T6, STM32H7S3L8H6, STM32H7S3L8H6H, STM32H7S3R8V6, STM32H7S3V8H6, STM32H7S3V8T6, STM32H7S3V8Y6TR, STM32H7S3Z8J6, STM32H7S3Z8T6, STM32H7S78-DK, STM32H7S7A8I6, STM32H7S7I8K6, STM32H7S7I8T6, STM32H7S7L8H6, STM32H7S7L8H6H, STM32H7S7Z8J6, STM32L4R5QGI6STR, STM32MP131AAE3, STM32MP131AAF3, STM32MP131AAG3, STM32MP131CAE3, STM32MP131CAF3, STM32MP131CAG3, STM32MP131DAE7, STM32MP131DAF7, STM32MP131DAG7, STM32MP131FAE7, STM32MP131FAF7, STM32MP131FAG7, STM32MP133AAE3, STM32MP133AAF3, STM32MP133AAG3, STM32MP133CAE3, STM32MP133CAF3, STM32MP133CAG3, STM32MP133DAE7, STM32MP133DAF7, STM32MP133DAG7, STM32MP133FAE7, STM32MP133FAF7, STM32MP133FAG7, STM32MP135AAE3, STM32MP135AAF3, STM32MP135AAG3, STM32MP135CAE3, STM32MP135CAF3, STM32MP135CAG3, STM32MP135DAE7, STM32MP135DAF7, STM32MP135DAG7, STM32MP135F-DK, STM32MP135FAE7, STM32MP135FAF7, STM32MP135FAF7T, STM32MP135FAF7U, STM32MP135FAG7, STM32MP251AAI3, STM32MP251AAK3, STM32MP251AAL3, STM32MP251CAI3, STM32MP251CAK3, STM32MP251CAL3, STM32MP251DAI3, STM32MP251DAK3, STM32MP251DAL3, STM32MP251FAI3, STM32MP251FAK3, STM32MP251FAL3, STM32MP253AAI3, STM32MP253AAK3, STM32MP253AAL3, STM32MP253CAI3, STM32MP253CAK3, STM32MP253CAL3, STM32MP253DAI3, STM32MP253DAK3, STM32MP253DAL3, STM32MP253FAI3, STM32MP253FAK3, STM32MP253FAL3, STM32MP255AAI3, STM32MP255AAK3, STM32MP255AAL3, STM32MP255CAI3, STM32MP255CAK3, STM32MP255CAL3, STM32MP255DAI3, STM32MP255DAK3, STM32MP255DAL3, STM32MP255FAI3, STM32MP255FAK3, STM32MP255FAL3, STM32MP257AAI3, STM32MP257AAK3, STM32MP257AAL3, STM32MP257CAI3, STM32MP257CAK3, STM32MP257CAL3, STM32MP257DAI3, STM32MP257DAK3, STM32MP257DAL3, STM32MP257F-DK, STM32MP257F-EV1, STM32MP257FAI3, STM32MP257FAK3, STM32MP257FAL3, STM32U031C6T6, STM32U031C6U6, STM32U031C8T6, STM32U031C8U6, STM32U031F4P6, STM32U031F6P6, STM32U031F8P6, STM32U031G6Y6TR, STM32U031G8Y6TR, STM32U031K4U6, STM32U031K6U6, STM32U031K8U6, STM32U031R6I6, STM32U031R6T6, STM32U031R8I6, STM32U031R8T6, STM32U073C8T6, STM32U073C8U6, STM32U073CBT6, STM32U073CBU6, STM32U073CCT6, STM32U073CCU6, STM32U073H8Y6TR, STM32U073HBY6TR, STM32U073HCY6TR, STM32U073K8U6, STM32U073KBU6, STM32U073KCU6, STM32U073M8I6, STM32U073M8T6, STM32U073MBI6, STM32U073MBT6, STM32U073MCI6, STM32U073MCT6, STM32U073R8I6, STM32U073R8T6, STM32U073RBI6, STM32U073RBT6, STM32U073RCI6, STM32U073RCT6, STM32U083C-DK, STM32U083CCT6, STM32U083CCU6, STM32U083HCY6TR, STM32U083KCU6, STM32U083MCI6, STM32U083MCT6, STM32U083RCI6, STM32U083RCT6, STM32U535CBT6, STM32U535CBT6Q, STM32U535CBU6, STM32U535CBU6Q, STM32U535CCT6, STM32U535CCT6Q, STM32U535CCU6, STM32U535CCU6Q, STM32U535CET6, STM32U535CET6Q, STM32U535CEU6, STM32U535CEU6Q, STM32U535JEY6QTR, STM32U535NCY6QTR, STM32U535NEY6QTR, STM32U535RBI6, STM32U535RBI6Q, STM32U535RBT6, STM32U535RBT6Q, STM32U535RCI6, STM32U535RCI6Q, STM32U535RCT6, STM32U535RCT6Q, STM32U535REI6, STM32U535REI6Q, STM32U535RET6, STM32U535RET6Q, STM32U535VCI6, STM32U535VCI6Q, STM32U535VCT6, STM32U535VCT6Q, STM32U535VEI6, STM32U535VEI6Q, STM32U535VET6, STM32U535VET6Q, STM32U545CET6, STM32U545CET6Q, STM32U545CEU6, STM32U545CEU6Q, STM32U545JEY6QTR, STM32U545NEY6QTR, STM32U545REI6, STM32U545REI6Q, STM32U545RET6, STM32U545RET6Q, STM32U545VEI6, STM32U545VEI6Q, STM32U545VET6, STM32U545VET6Q, STM32U595AIH6, STM32U595AIH6Q, STM32U595AJH6, STM32U595AJH6Q, STM32U595QII6, STM32U595QII6Q, STM32U595QJI6, STM32U595QJI6Q, STM32U595RIT6, STM32U595RIT6Q, STM32U595RJT6, STM32U595RJT6Q, STM32U595VIT6, STM32U595VIT6Q, STM32U595VJT6, STM32U595VJT6Q, STM32U595ZIT6, STM32U595ZIT6Q, STM32U595ZIY6QTR, STM32U595ZJT6, STM32U595ZJT6Q, STM32U595ZJY6QTR, STM32U599BJY6QTR, STM32U599NIH6Q, STM32U599NJH6Q, STM32U599VIT6Q, STM32U599VJT6, STM32U599VJT6Q, STM32U599ZIT6Q, STM32U599ZIY6QTR, STM32U599ZJT6Q, STM32U599ZJY6QTR, STM32U5A5AJH6, STM32U5A5AJH6Q, STM32U5A5QII3Q , STM32U5A5QJI6, STM32U5A5QJI6Q, STM32U5A5RJT6, STM32U5A5RJT6Q, STM32U5A5VJT6, STM32U5A5VJT6Q, STM32U5A5ZJT6, STM32U5A5ZJT6Q, STM32U5A5ZJY6QTR, STM32U5A9BJY6QTR, STM32U5A9J-DK, STM32U5A9NJH6Q, STM32U5A9VJT6Q, STM32U5A9ZJT6Q, STM32U5A9ZJY6QTR, STM32U5F7VIT6, STM32U5F7VIT6Q, STM32U5F7VJT6, STM32U5F7VJT6Q, STM32U5F9BJY6QTR, STM32U5F9NJH6Q, STM32U5F9VIT6Q, STM32U5F9VJT6Q, STM32U5F9ZIJ6QTR, STM32U5F9ZIT6Q, STM32U5F9ZJJ6QTR, STM32U5F9ZJT6Q, STM32U5G7VJT6, STM32U5G7VJT6Q, STM32U5G9BJY6QTR, STM32U5G9J-DK1, STM32U5G9J-DK2, STM32U5G9NJH6Q, STM32U5G9VJT6Q, STM32U5G9ZJJ6QTR, STM32U5G9ZJT6Q, STM32WB05KZV6TR, STM32WB05KZV7TR, STM32WB05TZF6TR, STM32WB05TZF7TR, STM32WB06CCF6TR, STM32WB06CCF7TR, STM32WB06CCV6TR, STM32WB06CCV7TR, STM32WB06KCV6TR, STM32WB06KCV7TR, STM32WB07CCF6TR, STM32WB07CCF7TR, STM32WB07CCV6TR, STM32WB07CCV7TR, STM32WB07KCV6TR, STM32WB07KCV7TR, STM32WB09KEV6TR, STM32WB09KEV7TR, STM32WB09TEF6TR, STM32WB09TEF7TR, STM32WB1MMCH6, STM32WBA50KGU6, STM32WBA50KGU6TR, STM32WBA52CEU6, STM32WBA52CEU6TR, STM32WBA52CEU7, STM32WBA52CEU7TR, STM32WBA52CGU6, STM32WBA52CGU6TR, STM32WBA52CGU6U, STM32WBA52CGU7, STM32WBA52CGU7TR, STM32WBA52KEU6, STM32WBA52KEU6TR, STM32WBA52KGU6, STM32WBA52KGU6TR, STM32WBA54CEU6, STM32WBA54CEU6TR, STM32WBA54CEU7, STM32WBA54CEU7TR, STM32WBA54CGU6, STM32WBA54CGU6TR, STM32WBA54CGU7, STM32WBA54CGU7TR, STM32WBA54KEU6, STM32WBA54KEU6TR, STM32WBA54KEU7, STM32WBA54KEU7TR, STM32WBA54KGU6, STM32WBA54KGU6TR, STM32WBA54KGU7, STM32WBA54KGU7TR, STM32WBA55CEU6, STM32WBA55CEU6TR, STM32WBA55CEU7, STM32WBA55CEU7TR, STM32WBA55CGU6, STM32WBA55CGU6TR, STM32WBA55CGU6U, STM32WBA55CGU7, STM32WBA55CGU7TR, STM32WBA55G-DK1, STM32WBA55HEF6, STM32WBA55HEF7, STM32WBA55HGF6, STM32WBA55HGF7, STM32WBA55UEI6, STM32WBA55UEI6TR, STM32WBA55UEI7, STM32WBA55UEI7TR, STM32WBA55UGI6, STM32WBA55UGI6TR, STM32WBA55UGI7, STM32WBA55UGI7TR, STM32WL5MOCH6, STM32WL5MOCH6TR]
2024-08-10 13:01:29,561 [INFO] BoardInfo:889 - No configuration file found for board P-NUCLEO-WB55
2024-08-10 13:01:29,562 [INFO] DbBoards:161 - Kit is not supported: P-NUCLEO-WB55
2024-08-10 13:01:29,567 [INFO] BoardInfo:889 - No configuration file found for board STEVAL-BFA001V1B
2024-08-10 13:01:29,567 [INFO] DbBoards:161 - Kit is not supported: STEVAL-BFA001V1B
2024-08-10 13:01:29,568 [INFO] BoardInfo:889 - No configuration file found for board STEVAL-BFA001V2B
2024-08-10 13:01:29,569 [INFO] DbBoards:161 - Kit is not supported: STEVAL-BFA001V2B
2024-08-10 13:01:29,701 [INFO] DbBoards:168 - Found 201 boards, 198 are supported
2024-08-10 13:01:29,701 [INFO] DbBoards:169 - Found 201 boards, 25 of them is supported for  Bsp
2024-08-10 13:01:29,705 [INFO] ApiDb:414 - User favorites file not found: C:\Users\kamil/.stm32cubeide/favorites.boards.txt
2024-08-10 13:01:29,705 [INFO] DbBoards:198 - Set 0 / 0 favorites Boards
2024-08-10 13:01:29,707 [INFO] ApiDb:668 - CubeFinder database Data Model version=2.1
2024-08-10 13:01:29,707 [INFO] ApiDb:669 - CubeFinder database Configuration version=3.0.39
2024-08-10 13:01:29,707 [INFO] ApiDb:670 - CubeFinder database generation date=2024-06-20 (1718880634)
2024-08-10 13:01:29,708 [INFO] ApiDb:671 - CubeFinder database FW Pack versions=[FP-ATR-ASTRA1_V2.0.0, FP-SNS-FLIGHT1_V5.0.2, FP-SNS-MOTENV1_V5.0.0, FP-SNS-MOTENVWB1_V1.4.0, FP-SNS-SMARTAG2_V1.2.0, STM32Cube_FW_C0_V1.2.0, STM32Cube_FW_F4_V1.28.0, STM32Cube_FW_F7_V1.17.2, STM32Cube_FW_G0_V1.6.2, STM32Cube_FW_G4_V1.6.0, STM32Cube_FW_H5_V1.3.0, STM32Cube_FW_H7RS_V1.1.0, STM32Cube_FW_H7_V1.11.2, STM32Cube_FW_L0_V1.12.2, STM32Cube_FW_L5_V1.5.1, STM32Cube_FW_U0_V1.1.0, STM32Cube_FW_U5_V1.6.0, STM32Cube_FW_WB0_V1.0.0, STM32Cube_FW_WBA_V1.4.0, STM32Cube_FW_WB_V1.20.0, STM32Cube_FW_WL_V1.3.0, X-CUBE-ALGOBUILD_V1.4.0, X-CUBE-ALS_V1.0.2, X-CUBE-AZRTOS-F4_V1.1.0, X-CUBE-AZRTOS-F7_V1.1.0, X-CUBE-AZRTOS-G0_V1.1.0, X-CUBE-AZRTOS-G4_V2.0.0, X-CUBE-AZRTOS-H7RS_V1.0.0, X-CUBE-AZRTOS-H7_V3.2.0, X-CUBE-AZRTOS-L4_V2.0.0, X-CUBE-AZRTOS-L5_V1.1.0, X-CUBE-AZRTOS-WB_V2.0.0, X-CUBE-AZRTOS-WL_V2.0.0, X-CUBE-BLE1_V7.0.0, X-CUBE-BLE2_V3.3.0, X-CUBE-BLEMGR_V3.1.0, X-CUBE-EEPRMA1_V5.1.0, X-CUBE-FREERTOS_V1.2.0, X-CUBE-GNSS1_V6.0.0, X-CUBE-MEMS1_V10.0.0, X-CUBE-NFC4_V3.0.0, X-CUBE-NFC7_V1.0.1, X-CUBE-SFXS2LP1_V4.0.0, X-CUBE-SUBG2_V5.0.0, X-CUBE-TOF1_V3.4.1]
2024-08-10 13:01:30,179 [ERROR] DbExamplesSqlite:437 - Missing JSON key: board_cpn
2024-08-10 13:01:30,179 [ERROR] DbExamplesSqlite:437 - Missing JSON key: board_cpn
2024-08-10 13:01:30,179 [ERROR] DbExamplesSqlite:437 - Missing JSON key: board_cpn
2024-08-10 13:01:30,179 [ERROR] DbExamplesSqlite:437 - Missing JSON key: board_cpn
2024-08-10 13:01:30,264 [INFO] DbExamplesSqlite:395 - Ignored 28 examples not supported by CubeIDE
2024-08-10 13:01:30,264 [INFO] DbExamplesSqlite:396 - Found 8590 examples active
2024-08-10 13:01:30,264 [INFO] DbExamplesSqlite:397 - Found 0 examples obsolete
2024-08-10 13:01:30,264 [INFO] DbExamplesSqlite:398 - Found 0 examples under development
2024-08-10 13:01:30,264 [INFO] DbExamplesSqlite:399 - Found 10 examples not building
2024-08-10 13:01:30,266 [INFO] DbExamples:125 - Found 8572 examples
2024-08-10 13:01:30,300 [ERROR] DbExamples:208 - Found 167 examples with invalid data (board or MCU)
2024-08-10 13:01:30,301 [INFO] DbExamples:222 - Found 106 boards with related examples
2024-08-10 13:01:30,301 [INFO] DbExamples:235 - Found 88 MCUs with related examples
2024-08-10 13:01:30,317 [INFO] ApiDb:414 - User favorites file not found: C:\Users\kamil/.stm32cubeide/favorites.examples.txt
2024-08-10 13:01:30,317 [INFO] DbExamples:250 - Set 0 / 0 favorites Examples
2024-08-10 13:01:30,487 [INFO] McuFinderGlobals:76 - Set McuFinderConnectedMode to true
2024-08-10 13:01:30,493 [INFO] MultiScanPanel:200 - Auto-refresh data requested => check proxy status ongoing
2024-08-10 13:01:30,495 [INFO] FinderPluginLoader:95 - Searching for filters in installed packs
2024-08-10 13:01:31,368 [INFO] LoadUrlFilesThread:185 - End of LoadServerUrlFiles without Thread
2024-08-10 13:01:31,376 [INFO] DetailPanel:341 - Set advertising image to C:/Users/kamil/STM32Cube/Repository/\en.prom-stm32h7rs-mcu-finder.jpg
2024-08-10 13:03:22,596 [INFO] MainUpdater:2873 - connection check result : 10
2024-08-10 13:03:22,596 [INFO] MainUpdater:2873 - connection check result : 10
2024-08-10 13:03:29,011 [INFO] RulesReader:64 - Compatibility file has been processed (297 Rules)
2024-08-10 13:03:29,016 [INFO] RulesReader:64 - Compatibility file has been processed (297 Rules)
2024-08-10 13:03:29,018 [INFO] MicroXplorer:468 - Change Database Path : 
2024-08-10 13:03:29,019 [INFO] MicroXplorer:498 - Change Database Version : DB.6.0.120
2024-08-10 13:03:29,023 [WARN] ThirdParty:871 - waiting for thirdparty lock release [close project]
2024-08-10 13:03:29,023 [INFO] ThirdParty:873 - entering critical section [close project]
2024-08-10 13:03:29,023 [INFO] ThirdParty:883 - exiting critical section [close project]
2024-08-10 13:03:29,026 [INFO] PinOutPanel:1561 - setPackage(No Configuration,No Configuration)
2024-08-10 13:03:29,028 [INFO] UtilMem:75 - Begin LoadConfig() Used Memory: 620613056 Bytes (954204160)
2024-08-10 13:03:29,029 [INFO] MicroXplorer:468 - Change Database Path : 
2024-08-10 13:03:29,029 [INFO] MicroXplorer:498 - Change Database Version : DB.6.0.120
2024-08-10 13:03:29,029 [INFO] OpenFileManager:332 - Change cursor
2024-08-10 13:03:29,052 [INFO] Mcu:2032 - Initializing MCU STM32H743VITx STM32H743VITx STM32H743VIT6
2024-08-10 13:03:31,854 [INFO] Context:742 - Trying to add GPIOservice into a context  which must be forbidden
2024-08-10 13:03:33,435 [INFO] ImportTextPane:205 - (OptionalMessage_ERROR) Unable to find key (Mcu.ThirdPartyNb) in loaded IOC file
2024-08-10 13:03:33,435 [INFO] ImportTextPane:205 - (OptionalMessage_ERROR) Unable to find key (Mcu.PinsNb) in loaded IOC file
2024-08-10 13:03:33,436 [INFO] ImportTextPane:205 - (OptionalMessage_ERROR) Unable to find key (Mcu.IPNb) in loaded IOC file
2024-08-10 13:03:33,494 [WARN] ModelIntegratedComponent:63 - No mode defined for component null
2024-08-10 13:03:33,494 [WARN] ModelIntegratedComponent:63 - No mode defined for component null
2024-08-10 13:03:33,494 [WARN] ModelIntegratedComponent:63 - No mode defined for component null
2024-08-10 13:03:33,494 [WARN] ModelIntegratedComponent:63 - No mode defined for component null
2024-08-10 13:03:33,494 [WARN] ModelIntegratedComponent:63 - No mode defined for component null
2024-08-10 13:03:33,495 [WARN] ModelIntegratedComponent:63 - No mode defined for component null
2024-08-10 13:03:33,495 [WARN] ModelIntegratedComponent:63 - No mode defined for component null
2024-08-10 13:03:33,495 [WARN] ModelIntegratedComponent:63 - No mode defined for component null
2024-08-10 13:03:33,495 [WARN] ModelIntegratedComponent:63 - No mode defined for component null
2024-08-10 13:03:33,495 [WARN] ModelIntegratedComponent:63 - No mode defined for component null
2024-08-10 13:03:33,495 [WARN] ModelIntegratedComponent:63 - No mode defined for component null
2024-08-10 13:03:33,495 [WARN] ModelIntegratedComponent:63 - No mode defined for component null
2024-08-10 13:03:33,495 [WARN] ModelIntegratedComponent:63 - No mode defined for component null
2024-08-10 13:03:33,495 [WARN] ModelIntegratedComponent:63 - No mode defined for component null
2024-08-10 13:03:33,495 [WARN] ModelIntegratedComponent:63 - No mode defined for component null
2024-08-10 13:03:33,495 [WARN] ModelIntegratedComponent:63 - No mode defined for component null
2024-08-10 13:03:33,495 [WARN] ModelIntegratedComponent:63 - No mode defined for component null
2024-08-10 13:03:33,495 [WARN] ModelIntegratedComponent:63 - No mode defined for component null
2024-08-10 13:03:33,495 [WARN] ModelIntegratedComponent:63 - No mode defined for component null
2024-08-10 13:03:33,495 [WARN] ModelIntegratedComponent:63 - No mode defined for component null
2024-08-10 13:03:33,495 [WARN] ModelIntegratedComponent:63 - No mode defined for component null
2024-08-10 13:03:33,495 [WARN] ModelIntegratedComponent:63 - No mode defined for component null
2024-08-10 13:03:33,495 [WARN] ModelIntegratedComponent:63 - No mode defined for component null
2024-08-10 13:03:33,495 [WARN] ModelIntegratedComponent:63 - No mode defined for component null
2024-08-10 13:03:33,495 [WARN] ModelIntegratedComponent:63 - No mode defined for component null
2024-08-10 13:03:33,495 [WARN] ModelIntegratedComponent:63 - No mode defined for component null
2024-08-10 13:03:33,495 [WARN] ModelIntegratedComponent:63 - No mode defined for component null
2024-08-10 13:03:33,495 [WARN] ModelIntegratedComponent:63 - No mode defined for component null
2024-08-10 13:03:33,495 [WARN] ModelIntegratedComponent:63 - No mode defined for component null
2024-08-10 13:03:33,495 [WARN] ModelIntegratedComponent:63 - No mode defined for component null
2024-08-10 13:03:33,495 [WARN] ModelIntegratedComponent:63 - No mode defined for component null
2024-08-10 13:03:33,495 [WARN] ModelIntegratedComponent:63 - No mode defined for component null
2024-08-10 13:03:33,495 [WARN] ModelIntegratedComponent:63 - No mode defined for component null
2024-08-10 13:03:33,495 [WARN] ModelIntegratedComponent:63 - No mode defined for component null
2024-08-10 13:03:33,495 [WARN] ModelIntegratedComponent:63 - No mode defined for component null
2024-08-10 13:03:33,495 [WARN] ModelPack:524 - Component already loaded: STMicroelectronics:HAL Drivers:0.0.0:STMicroelectronics:Device:STMicro_Driver:XSPI:HAL::0.0.1:HAL_XSPI
2024-08-10 13:03:33,502 [INFO] RtosManager:555 - Registered RTOS mode: class=CMSIS, group=RTOS, mode=CMSIS_V1, owner=FREERTOS
2024-08-10 13:03:33,502 [INFO] RtosManager:555 - Registered RTOS mode: class=CMSIS, group=RTOS2, mode=CMSIS_V2, owner=FREERTOS
2024-08-10 13:03:33,502 [INFO] RtosManager:555 - Registered RTOS mode: class=RTOS, group=Core, mode=CMSIS_V1, owner=FREERTOS
2024-08-10 13:03:33,502 [INFO] RtosManager:555 - Registered RTOS mode: class=RTOS, group=Core, mode=CMSIS_V2, owner=FREERTOS
2024-08-10 13:03:33,502 [WARN] ModelIntegratedComponent:184 - Missing modes for component STMicroelectronics:FreeRTOS:0.0.1:STMicroelectronics:RTOS:FreeRTOS:Core:::10.2.0:
2024-08-10 13:03:33,510 [INFO] ThirdPartyModel:298 - Start build external matchings
2024-08-10 13:03:33,524 [INFO] ThirdPartyModel:316 - End build external matchings
2024-08-10 13:03:33,965 [INFO] UtilMem:75 - End LoadConfig() Used Memory: 646964240 Bytes (1073741824)
2024-08-10 13:03:33,993 [WARN] ThirdParty:833 - waiting for thirdparty lock release [change project]
2024-08-10 13:03:33,994 [INFO] ThirdParty:835 - entering critical section [change project]
2024-08-10 13:03:33,995 [INFO] ThirdParty:1030 - CMSIS Pack Vendor :STMicroelectronics USBPD 4.1
2024-08-10 13:03:33,995 [INFO] ThirdParty:1030 - CMSIS Pack Vendor :STMicroelectronics X-CUBE-DISPLAY 3.0.0
2024-08-10 13:03:33,995 [INFO] ThirdParty:1030 - CMSIS Pack Vendor :STMicroelectronics USB_HOST 2.0.0
2024-08-10 13:03:33,995 [INFO] ThirdParty:1030 - CMSIS Pack Vendor :STMicroelectronics FP-SNS-MOTENVWB1 1.4.0
2024-08-10 13:03:33,995 [INFO] ThirdParty:1030 - CMSIS Pack Vendor :STMicroelectronics LIBJPEG 8.0.0
2024-08-10 13:03:33,995 [INFO] ThirdParty:1030 - CMSIS Pack Vendor :STMicroelectronics X-CUBE-BLE1 7.0.0
2024-08-10 13:03:33,995 [INFO] ThirdParty:1030 - CMSIS Pack Vendor :STMicroelectronics FP-ATR-SIGFOX1 3.2.0
2024-08-10 13:03:33,995 [INFO] ThirdParty:1030 - CMSIS Pack Vendor :STMicroelectronics USB_DEVICE 3.0.0
2024-08-10 13:03:33,995 [INFO] ThirdParty:1030 - CMSIS Pack Vendor :STMicroelectronics HAL Drivers 0.0.0
2024-08-10 13:03:33,995 [INFO] ThirdParty:1030 - CMSIS Pack Vendor :STMicroelectronics MBEDTLS 2.16.2
2024-08-10 13:03:33,995 [INFO] ThirdParty:1030 - CMSIS Pack Vendor :STMicroelectronics X-CUBE-ALS 1.0.2
2024-08-10 13:03:33,995 [INFO] ThirdParty:1030 - CMSIS Pack Vendor :STMicroelectronics MBEDTLS 2.14.1
2024-08-10 13:03:33,995 [INFO] ThirdParty:1030 - CMSIS Pack Vendor :STMicroelectronics USB_DEVICE 2.0.0
2024-08-10 13:03:33,995 [INFO] ThirdParty:1030 - CMSIS Pack Vendor :STMicroelectronics X-CUBE-BLEMGR 3.1.0
2024-08-10 13:03:33,996 [INFO] ThirdParty:1030 - CMSIS Pack Vendor :STMicroelectronics ThreadX 1.0.0
2024-08-10 13:03:33,996 [INFO] ThirdParty:1030 - CMSIS Pack Vendor :STMicroelectronics FP-SNS-SMARTAG2 1.2.0
2024-08-10 13:03:33,996 [INFO] ThirdParty:1030 - CMSIS Pack Vendor :STMicroelectronics FreeRTOS 0.0.1
2024-08-10 13:03:33,996 [INFO] ThirdParty:1030 - CMSIS Pack Vendor :STMicroelectronics FP-SNS-MOTENV1 5.0.0
2024-08-10 13:03:33,996 [INFO] ThirdParty:1030 - CMSIS Pack Vendor :STMicroelectronics USB_DEVICE 1.0.0
2024-08-10 13:03:33,996 [INFO] ThirdParty:1030 - CMSIS Pack Vendor :STMicroelectronics STM32_WPAN 1.0.0
2024-08-10 13:03:33,996 [INFO] ThirdParty:1030 - CMSIS Pack Vendor :STMicroelectronics ThreadX 0.0.2
2024-08-10 13:03:33,996 [INFO] ThirdParty:1030 - CMSIS Pack Vendor :STMicroelectronics FP-ATR-ASTRA1 2.0.0
2024-08-10 13:03:33,996 [INFO] ThirdParty:1030 - CMSIS Pack Vendor :STMicroelectronics lwIP 2.0.3
2024-08-10 13:03:33,996 [INFO] ThirdParty:1030 - CMSIS Pack Vendor :STMicroelectronics lwIP 2.1.2
2024-08-10 13:03:33,996 [INFO] ThirdParty:1030 - CMSIS Pack Vendor :STMicroelectronics FP-SNS-FLIGHT1 5.0.2
2024-08-10 13:03:33,996 [INFO] ThirdParty:1030 - CMSIS Pack Vendor :STMicroelectronics X-CUBE-BLE2 3.3.0
2024-08-10 13:03:33,996 [INFO] ThirdParty:1030 - CMSIS Pack Vendor :STMicroelectronics USB_HOST 1.0.0
2024-08-10 13:03:33,996 [INFO] ThirdParty:1030 - CMSIS Pack Vendor :STMicroelectronics X-CUBE-AI 9.0.0
2024-08-10 13:03:33,996 [INFO] ThirdParty:1030 - CMSIS Pack Vendor :STMicroelectronics PDM2PCM 3.1.0
2024-08-10 13:03:33,996 [INFO] ThirdParty:1030 - CMSIS Pack Vendor :STMicroelectronics PDM2PCM 3.2.0
2024-08-10 13:03:33,996 [INFO] ThirdParty:1030 - CMSIS Pack Vendor :STMicroelectronics PDM2PCM 3.3.0
2024-08-10 13:03:33,996 [INFO] ThirdParty:841 - exiting critical section [change project]
2024-08-10 13:03:34,355 [INFO] PinOutPanel:1561 - setPackage(No Configuration,No Configuration)
2024-08-10 13:03:34,356 [INFO] PinOutPanel:1561 - setPackage(STM32H743VITx,LQFP100)
2024-08-10 13:03:34,968 [INFO] UtilMem:75 - Before build in PCC Used Memory: 742945368 Bytes (1073741824)
2024-08-10 13:03:35,630 [INFO] UtilMem:75 - After build in PCC Used Memory: 829879304 Bytes (1073741824)
2024-08-10 13:03:35,660 [INFO] IPUIPlugin:80 - create IPUIPlugin
2024-08-10 13:03:35,660 [INFO] IPUIPlugin:80 - create IPUIPlugin
2024-08-10 13:03:35,660 [INFO] IPUIPlugin:80 - create IPUIPlugin
2024-08-10 13:03:35,660 [INFO] IPUIPlugin:80 - create IPUIPlugin
2024-08-10 13:03:35,660 [INFO] IPUIPlugin:80 - create IPUIPlugin
2024-08-10 13:03:35,660 [INFO] IPUIPlugin:80 - create IPUIPlugin
2024-08-10 13:03:35,660 [INFO] IPUIPlugin:80 - create IPUIPlugin
2024-08-10 13:03:35,660 [INFO] IPUIPlugin:80 - create IPUIPlugin
2024-08-10 13:03:35,660 [INFO] IPUIPlugin:80 - create IPUIPlugin
2024-08-10 13:03:35,660 [INFO] IPUIPlugin:80 - create IPUIPlugin
2024-08-10 13:03:35,660 [INFO] IPUIPlugin:80 - create IPUIPlugin
2024-08-10 13:03:35,660 [INFO] IPUIPlugin:80 - create IPUIPlugin
2024-08-10 13:03:35,661 [INFO] IPUIPlugin:80 - create IPUIPlugin
2024-08-10 13:03:35,661 [INFO] IPUIPlugin:80 - create IPUIPlugin
2024-08-10 13:03:35,661 [INFO] IPUIPlugin:80 - create IPUIPlugin
2024-08-10 13:03:35,661 [INFO] IPUIPlugin:80 - create IPUIPlugin
2024-08-10 13:03:35,661 [INFO] IPUIPlugin:80 - create IPUIPlugin
2024-08-10 13:03:35,661 [INFO] IPUIPlugin:80 - create IPUIPlugin
2024-08-10 13:03:35,661 [INFO] IPUIPlugin:80 - create IPUIPlugin
2024-08-10 13:03:35,661 [INFO] IPUIPlugin:80 - create IPUIPlugin
2024-08-10 13:03:35,661 [INFO] IPUIPlugin:80 - create IPUIPlugin
2024-08-10 13:03:35,661 [INFO] IPUIPlugin:80 - create IPUIPlugin
2024-08-10 13:03:35,662 [INFO] IPUIPlugin:80 - create IPUIPlugin
2024-08-10 13:03:35,662 [INFO] IPUIPlugin:80 - create IPUIPlugin
2024-08-10 13:03:35,662 [INFO] IPUIPlugin:80 - create IPUIPlugin
2024-08-10 13:03:35,662 [INFO] IPUIPlugin:80 - create IPUIPlugin
2024-08-10 13:03:35,662 [INFO] IPUIPlugin:80 - create IPUIPlugin
2024-08-10 13:03:35,662 [INFO] IPUIPlugin:80 - create IPUIPlugin
2024-08-10 13:03:35,662 [INFO] IPUIPlugin:80 - create IPUIPlugin
2024-08-10 13:03:35,662 [INFO] IPUIPlugin:80 - create IPUIPlugin
2024-08-10 13:03:35,663 [INFO] IPUIPlugin:80 - create IPUIPlugin
2024-08-10 13:03:35,663 [INFO] IPUIPlugin:80 - create IPUIPlugin
2024-08-10 13:03:35,663 [INFO] IPUIPlugin:80 - create IPUIPlugin
2024-08-10 13:03:35,663 [INFO] IPUIPlugin:80 - create IPUIPlugin
2024-08-10 13:03:35,663 [INFO] IPUIPlugin:80 - create IPUIPlugin
2024-08-10 13:03:35,664 [INFO] IPUIPlugin:80 - create IPUIPlugin
2024-08-10 13:03:35,664 [INFO] IPUIPlugin:80 - create IPUIPlugin
2024-08-10 13:03:35,664 [INFO] IPUIPlugin:80 - create IPUIPlugin
2024-08-10 13:03:35,665 [INFO] IPUIPlugin:80 - create IPUIPlugin
2024-08-10 13:03:35,665 [INFO] IPUIPlugin:80 - create IPUIPlugin
2024-08-10 13:03:35,665 [INFO] IPUIPlugin:80 - create IPUIPlugin
2024-08-10 13:03:35,665 [INFO] IPUIPlugin:80 - create IPUIPlugin
2024-08-10 13:03:35,665 [INFO] IPUIPlugin:80 - create IPUIPlugin
2024-08-10 13:03:35,666 [INFO] IPUIPlugin:80 - create IPUIPlugin
2024-08-10 13:03:35,666 [INFO] IPUIPlugin:80 - create IPUIPlugin
2024-08-10 13:03:35,666 [INFO] IPUIPlugin:80 - create IPUIPlugin
2024-08-10 13:03:35,666 [INFO] IPUIPlugin:80 - create IPUIPlugin
2024-08-10 13:03:35,666 [INFO] IPUIPlugin:80 - create IPUIPlugin
2024-08-10 13:03:35,666 [INFO] IPUIPlugin:80 - create IPUIPlugin
2024-08-10 13:03:35,666 [INFO] IPUIPlugin:80 - create IPUIPlugin
2024-08-10 13:03:35,667 [INFO] IPUIPlugin:80 - create IPUIPlugin
2024-08-10 13:03:35,667 [INFO] IPUIPlugin:80 - create IPUIPlugin
2024-08-10 13:03:35,667 [INFO] IPUIPlugin:80 - create IPUIPlugin
2024-08-10 13:03:35,668 [INFO] IPUIPlugin:80 - create IPUIPlugin
2024-08-10 13:03:35,668 [INFO] IPUIPlugin:80 - create IPUIPlugin
2024-08-10 13:03:35,668 [INFO] IPUIPlugin:80 - create IPUIPlugin
2024-08-10 13:03:35,668 [INFO] IPUIPlugin:80 - create IPUIPlugin
2024-08-10 13:03:35,669 [INFO] IPUIPlugin:80 - create IPUIPlugin
2024-08-10 13:03:35,669 [INFO] IPUIPlugin:80 - create IPUIPlugin
2024-08-10 13:03:35,669 [INFO] IPUIPlugin:80 - create IPUIPlugin
2024-08-10 13:03:35,670 [INFO] IPUIPlugin:80 - create IPUIPlugin
2024-08-10 13:03:35,670 [INFO] IPUIPlugin:80 - create IPUIPlugin
2024-08-10 13:03:35,670 [INFO] IPUIPlugin:80 - create IPUIPlugin
2024-08-10 13:03:35,670 [INFO] IPUIPlugin:80 - create IPUIPlugin
2024-08-10 13:03:35,670 [INFO] IPUIPlugin:80 - create IPUIPlugin
2024-08-10 13:03:35,670 [INFO] IPUIPlugin:80 - create IPUIPlugin
2024-08-10 13:03:35,670 [INFO] IPUIPlugin:80 - create IPUIPlugin
2024-08-10 13:03:35,670 [INFO] IPUIPlugin:80 - create IPUIPlugin
2024-08-10 13:03:35,671 [INFO] IPUIPlugin:80 - create IPUIPlugin
2024-08-10 13:03:35,671 [INFO] IPUIPlugin:80 - create IPUIPlugin
2024-08-10 13:03:35,671 [INFO] IPUIPlugin:80 - create IPUIPlugin
2024-08-10 13:03:35,672 [INFO] IPUIPlugin:80 - create IPUIPlugin
2024-08-10 13:03:35,672 [INFO] IPUIPlugin:80 - create IPUIPlugin
2024-08-10 13:03:35,672 [INFO] IPUIPlugin:80 - create IPUIPlugin
2024-08-10 13:03:35,673 [INFO] IPUIPlugin:80 - create IPUIPlugin
2024-08-10 13:03:35,673 [INFO] IPUIPlugin:80 - create IPUIPlugin
2024-08-10 13:03:35,673 [INFO] IPUIPlugin:80 - create IPUIPlugin
2024-08-10 13:03:35,673 [INFO] IPUIPlugin:80 - create IPUIPlugin
2024-08-10 13:03:35,674 [INFO] IPUIPlugin:80 - create IPUIPlugin
2024-08-10 13:03:35,674 [INFO] IPUIPlugin:80 - create IPUIPlugin
2024-08-10 13:03:35,675 [INFO] IPUIPlugin:80 - create IPUIPlugin
2024-08-10 13:03:35,675 [INFO] IPUIPlugin:80 - create IPUIPlugin
2024-08-10 13:03:35,675 [INFO] IPUIPlugin:80 - create IPUIPlugin
2024-08-10 13:03:35,676 [INFO] IPUIPlugin:80 - create IPUIPlugin
2024-08-10 13:03:35,676 [INFO] IPUIPlugin:80 - create IPUIPlugin
2024-08-10 13:03:35,676 [INFO] IPUIPlugin:80 - create IPUIPlugin
2024-08-10 13:03:35,677 [INFO] IPUIPlugin:80 - create IPUIPlugin
2024-08-10 13:03:35,677 [INFO] IPUIPlugin:80 - create IPUIPlugin
2024-08-10 13:03:35,678 [INFO] IPUIPlugin:80 - create IPUIPlugin
2024-08-10 13:03:35,678 [INFO] IPUIPlugin:80 - create IPUIPlugin
2024-08-10 13:03:35,678 [INFO] IPUIPlugin:80 - create IPUIPlugin
2024-08-10 13:03:35,680 [INFO] IPUIPlugin:80 - create IPUIPlugin
2024-08-10 13:03:35,680 [INFO] IPUIPlugin:80 - create IPUIPlugin
2024-08-10 13:03:35,680 [INFO] IPUIPlugin:80 - create IPUIPlugin
2024-08-10 13:03:35,681 [INFO] IPUIPlugin:80 - create IPUIPlugin
2024-08-10 13:03:35,681 [INFO] IPUIPlugin:80 - create IPUIPlugin
2024-08-10 13:03:35,681 [INFO] IPUIPlugin:80 - create IPUIPlugin
2024-08-10 13:03:35,762 [INFO] ApiDbMcu:508 - Load IP Config File for PDM2PCM
2024-08-10 13:03:35,939 [INFO] CADModel:165 - CPN selected for project levelSTM32H743VIT6
2024-08-10 13:03:35,940 [INFO] CADModel:114 - Register for checkConnection events
2024-08-10 13:03:35,979 [INFO] OpenFileManager:363 - Restore cursor
2024-08-10 13:03:37,142 [INFO] UtilMem:75 - End SaveConfig() Used Memory: 680181856 Bytes (1073741824)
2024-08-10 13:03:37,188 [WARN] Context:815 - Trying to set MEMORYMAP twice on same context Cortex-M7NS
2024-08-10 13:03:48,352 [INFO] McuFinderGlobals:76 - Set McuFinderConnectedMode to true
2024-08-10 13:03:48,354 [INFO] ApiDb:448 - Save user favorites file C:\Users\kamil/.stm32cubeide/favorites.mcus.txt: 0 item(s)
2024-08-10 13:03:48,354 [INFO] ApiDb:452 - User favorites MCUs=[]
2024-08-10 13:07:01,155 [WARN] MainPanel:284 - <html><b><center>Warning: This peripheral has no parameters to be configured<br></b></html>
2024-08-10 17:33:12,241 [INFO] WebApp:189 - Connection lost
2024-08-10 17:33:20,727 [INFO] WebApp:186 - Connection restablished
2024-08-10 17:38:47,846 [INFO] I2cTimingTraitement:330 - 0x10707DBC
2024-08-10 17:39:51,317 [INFO] DmaTabbedPanel:205 - Cannot restore the selected Tab for DMA
2024-08-10 17:39:51,805 [INFO] Gpio:277 - dependency for GPIO [I2C1, USB_OTG_FS]
2024-08-10 17:40:01,430 [INFO] Gpio:277 - dependency for GPIO [I2C1, USB_OTG_FS]
2024-08-10 17:49:56,445 [INFO] DmaTabbedPanel:205 - Cannot restore the selected Tab for BDMA
2024-08-10 17:49:58,063 [INFO] DmaTabbedPanel:205 - Cannot restore the selected Tab for DMA
2024-08-10 17:49:58,760 [INFO] Gpio:277 - dependency for GPIO [I2C1, USB_OTG_FS]
2024-08-10 17:50:00,722 [WARN] IP:400 - Request for DSIHOST not yet added in STM32CubeMX or not available for this CPN
2024-08-10 17:50:00,723 [WARN] IP:400 - Request for DSIHOST not yet added in STM32CubeMX or not available for this CPN
2024-08-10 17:50:00,745 [INFO] MdmaTabbedPanel:213 - Cannot restore the selected Tab for MDMA
2024-08-10 17:50:36,784 [INFO] DmaTabbedPanel:205 - Cannot restore the selected Tab for BDMA
2024-08-10 17:50:38,033 [WARN] IP:400 - Request for DSIHOST not yet added in STM32CubeMX or not available for this CPN
2024-08-10 17:50:38,033 [WARN] IP:400 - Request for DSIHOST not yet added in STM32CubeMX or not available for this CPN
2024-08-10 17:50:38,042 [INFO] MdmaTabbedPanel:213 - Cannot restore the selected Tab for MDMA
2024-08-10 17:51:04,865 [WARN] MainPanel:284 - <html><b><center>Warning: This peripheral has no parameters to be configured<br></b></html>
2024-08-10 19:49:54,068 [INFO] WebApp:189 - Connection lost
2024-08-10 19:50:02,746 [INFO] WebApp:186 - Connection restablished
2024-08-10 20:46:12,030 [INFO] WebApp:189 - Connection lost
2024-08-10 20:46:20,524 [INFO] WebApp:186 - Connection restablished
2024-08-10 23:17:08,295 [INFO] UtilMem:75 - End SaveConfig() Used Memory: 449926816 Bytes (685768704)
2024-08-10 23:17:09,489 [INFO] UtilMem:75 - End SaveConfig() Used Memory: 530667168 Bytes (685768704)
2024-08-10 23:17:13,363 [INFO] LogOutputStream:77 - [STDOUT_REDIRECT] This download action requires prior login. To proceed, please use the 'login' command with your my.st.com account email and password.
2024-08-10 23:17:13,366 [INFO] LogOutputStream:77 - [STDOUT_REDIRECT] Run 'login <email> <password> <remember_me>' for example 'login john.smith@st.com mypassword y'.
2024-08-10 23:17:13,367 [INFO] LogOutputStream:77 - [STDOUT_REDIRECT] If you do not have a my.st.com account, please visit https://st.com website to create one.
2024-08-10 23:17:19,887 [ERROR] LogOutputStream:75 - [STDERR_REDIRECT] 
2024-08-10 23:17:19,887 [ERROR] LogOutputStream:75 - [STDERR_REDIRECT] 
