Removed Pin From Net: NetName=GND Pin=D?-1
Removed Pin From Net: NetName=+3V3 Pin=D?-2
Removed Pin From Net: NetName=D_OUT_A1 Pin=D?-3
Removed Pin From Net: NetName=D_OUT_A2 Pin=D?-4
Removed Pin From Net: NetName=D_OUT_B2 Pin=D?-5
Removed Pin From Net: NetName=D_OUT_B1 Pin=D?-6
Removed Pin From Net: NetName=GND Pin=D?-8
Removed Pin From Net: NetName=D_PWM_A Pin=D?-9
Removed Pin From Net: NetName=D_A_IN_2 Pin=D?-10
Removed Pin From Net: NetName=D_A_IN_1 Pin=D?-11
Removed Pin From Net: NetName=D_STBY Pin=D?-12
Removed Pin From Net: NetName=D_B_IN_1 Pin=D?-13
Removed Pin From Net: NetName=D_B_IN_2 Pin=D?-14
Removed Pin From Net: NetName=D_PWM_B Pin=D?-15
Removed Pin From Net: NetName=GND Pin=D?-16
Removed Pin From Net: NetName=GND Pin=M?-1
Remove Pin from Net: Failed to remove Pin
Removed Pin From Net: NetName=ENC1_OUT_B Pin=M?-2
Remove Pin from Net: Failed to remove Pin
Removed Pin From Net: NetName=ENC1_OUT_A Pin=M?-3
Remove Pin from Net: Failed to remove Pin
Removed Pin From Net: NetName=+3V3 Pin=M?-4
Remove Pin from Net: Failed to remove Pin
Removed Pin From Net: NetName=D_OUT_A2 Pin=M?-5
Remove Pin from Net: Failed to remove Pin
Removed Pin From Net: NetName=D_OUT_A1 Pin=M?-6
Remove Pin from Net: Failed to remove Pin
Removed Member From Class: ClassName=Pheripherials Member=C?
Removed Member From Class: ClassName=Pheripherials Member=D?
Removed Member From Class: ClassName=Pheripherials Member=J?
Removed Member From Class: ClassName=Pheripherials Member=M?
Removed Member From Class: ClassName=Main_board Member=U?
Change Component Comment : Designator=J? Old Comment=473460001 New Comment=Micro USB B connector
Change Component Designator: OldDesignator=C? NewDesignator=C1
Change Component Designator: OldDesignator=C? NewDesignator=C2
Change Component Designator: OldDesignator=C? NewDesignator=C3
Change Component Designator: OldDesignator=C? NewDesignator=C4
Change Component Designator: OldDesignator=C? NewDesignator=C5
Change Component Designator: OldDesignator=C? NewDesignator=C6
Change Component Designator: OldDesignator=C? NewDesignator=C7
Change Component Designator: OldDesignator=C? NewDesignator=C8
Change Component Designator: OldDesignator=C? NewDesignator=C9
Change Component Designator: OldDesignator=C? NewDesignator=C10
Change Component Designator: OldDesignator=C? NewDesignator=C11
Change Component Designator: OldDesignator=C? NewDesignator=C12
Change Component Designator: OldDesignator=C? NewDesignator=C13
Change Component Designator: OldDesignator=C? NewDesignator=C14
Change Component Designator: OldDesignator=C? NewDesignator=C15
Change Component Designator: OldDesignator=C? NewDesignator=C16
Change Component Designator: OldDesignator=C? NewDesignator=C17
Change Component Designator: OldDesignator=C? NewDesignator=C18
Change Component Designator: OldDesignator=DS? NewDesignator=DS1
Change Component Designator: OldDesignator=J NewDesignator=J2
Change Component Designator: OldDesignator=J? NewDesignator=J1
Change Component Designator: OldDesignator=J? NewDesignator=J3
Change Component Designator: OldDesignator=J? NewDesignator=J4
Change Component Designator: OldDesignator=R? NewDesignator=R1
Change Component Designator: OldDesignator=R? NewDesignator=R2
Change Component Designator: OldDesignator=R? NewDesignator=R3
Change Component Designator: OldDesignator=R? NewDesignator=R4
Change Component Designator: OldDesignator=R? NewDesignator=R5
Change Component Designator: OldDesignator=R? NewDesignator=R6
Change Component Designator: OldDesignator=R? NewDesignator=R7
Change Component Designator: OldDesignator=S? NewDesignator=S1
Change Component Designator: OldDesignator=U? NewDesignator=P1
Change Component Designator: OldDesignator=U? NewDesignator=U1
Change Component Designator: OldDesignator=U? NewDesignator=U2
Added Component: Designator=D1(TB6612FNG board footprint)
Added Component: Designator=DS2(STEC-1102W_V)
Add component (AddParameter): Name = "Chip Material"; Value = "GaP"; VariantName = "[No Variations]"
Add component (AddParameter): Name = "Datasheet URL"; Value = "http://media.digikey.com/pdf/Data%20Sheets/Stanley%20Electric%20PDFs/1102W_Series.pdf"; VariantName = "[No Variations]"
Add component (AddParameter): Name = "Datasheet Version"; Value = "08/2007"; VariantName = "[No Variations]"
Add component (AddParameter): Name = "DELETED"; Value = "Compliant"; VariantName = "[No Variations]"
Add component (AddParameter): Name = "Dominant Wave Length"; Value = "567nm"; VariantName = "[No Variations]"
Add component (AddParameter): Name = "Emitting Color"; Value = "YellowGreen"; VariantName = "[No Variations]"
Add component (AddParameter): Name = "Forward Current"; Value = "30mA"; VariantName = "[No Variations]"
Add component (AddParameter): Name = "Forward Voltage"; Value = "2.5V"; VariantName = "[No Variations]"
Add component (AddParameter): Name = "High Brightness"; Value = "No"; VariantName = "[No Variations]"
Add component (AddParameter): Name = "Lens Dimensions"; Value = "2x1.5x0.9mm"; VariantName = "[No Variations]"
Add component (AddParameter): Name = "Lum Intensity"; Value = "12mcd"; VariantName = "[No Variations]"
Add component (AddParameter): Name = "Luminous Intensity"; Value = "12mcd"; VariantName = "[No Variations]"
Add component (AddParameter): Name = "Main Category"; Value = "ChipLED"; VariantName = "[No Variations]"
Add component (AddParameter): Name = "Manufacturer"; Value = "Stanley Electric"; VariantName = "[No Variations]"
Add component (AddParameter): Name = "Manufacturer URL"; Value = "http://www.stanley-electric.com/"; VariantName = "[No Variations]"
Add component (AddParameter): Name = "Mounting"; Value = "SurfaceMount"; VariantName = "[No Variations]"
Add component (AddParameter): Name = "Mounting Technology"; Value = "SurfaceMount"; VariantName = "[No Variations]"
Add component (AddParameter): Name = "Number of  Elements"; Value = "1"; VariantName = "[No Variations]"
Add component (AddParameter): Name = "Operating Temp Range"; Value = "-30Cto85C"; VariantName = "[No Variations]"
Add component (AddParameter): Name = "Operating Temperature Classification"; Value = "Commercial"; VariantName = "[No Variations]"
Add component (AddParameter): Name = "Package Description"; Value = "2-Pin Surface Mounted Device , Body 3 x 1.5 mm"; VariantName = "[No Variations]"
Add component (AddParameter): Name = "Package Reference"; Value = "1102W"; VariantName = "[No Variations]"
Add component (AddParameter): Name = "Package Type"; Value = "SMD"; VariantName = "[No Variations]"
Add component (AddParameter): Name = "Packaging"; Value = "TapeandReel"; VariantName = "[No Variations]"
Add component (AddParameter): Name = "Peak Wavelength"; Value = "560nm"; VariantName = "[No Variations]"
Add component (AddParameter): Name = "Pin Count"; Value = "2"; VariantName = "[No Variations]"
Add component (AddParameter): Name = "Power Dissipation"; Value = "75W"; VariantName = "[No Variations]"
Add component (AddParameter): Name = "Product Depth (mm)"; Value = "1.5mm"; VariantName = "[No Variations]"
Add component (AddParameter): Name = "Product Height (mm)"; Value = "1.5mm"; VariantName = "[No Variations]"
Add component (AddParameter): Name = "Product Length (mm)"; Value = "3mm"; VariantName = "[No Variations]"
Add component (AddParameter): Name = "Rad Hardened"; Value = "No"; VariantName = "[No Variations]"
Add component (AddParameter): Name = "Reverse Voltage"; Value = "4V"; VariantName = "[No Variations]"
Add component (AddParameter): Name = "Shape Type"; Value = "Rectangular"; VariantName = "[No Variations]"
Add component (AddParameter): Name = "Test Current (It)"; Value = "20mA"; VariantName = "[No Variations]"
Add component (AddParameter): Name = "Type"; Value = "Uni-Color"; VariantName = "[No Variations]"
Add component (AddParameter): Name = "Viewing Angle"; Value = "69/85deg"; VariantName = "[No Variations]"
Added Component: Designator=M1(Encoders Pololu footprint)
Added Component: Designator=M2(Encoders Pololu footprint)
Added Component: Designator=R?(RESC2013X60X35NL10T20)
Add component (AddParameter): Name = "ComponentLink1Description"; Value = "Manufacturer URL"; VariantName = "[No Variations]"
Add component (AddParameter): Name = "ComponentLink1URL"; Value = "http://www.yageo.com/"; VariantName = "[No Variations]"
Add component (AddParameter): Name = "ComponentLink2Description"; Value = "Datasheet"; VariantName = "[No Variations]"
Add component (AddParameter): Name = "ComponentLink2URL"; Value = "http://www.yageo.com/documents/recent/PYu-RC_Group_51_RoHS_L_04.pdf"; VariantName = "[No Variations]"
Add component (AddParameter): Name = "DatasheetVersion"; Value = "Rev. 4, 02/2016"; VariantName = "[No Variations]"
Add component (AddParameter): Name = "Height"; Value = "0.5 mm"; VariantName = "[No Variations]"
Add component (AddParameter): Name = "Length"; Value = "2 mm"; VariantName = "[No Variations]"
Add component (AddParameter): Name = "Manufacturer"; Value = "Yageo"; VariantName = "[No Variations]"
Add component (AddParameter): Name = "Max Operating Temperature"; Value = "155 degC"; VariantName = "[No Variations]"
Add component (AddParameter): Name = "Min Operating Temperature"; Value = "-55 degC"; VariantName = "[No Variations]"
Add component (AddParameter): Name = "Mount"; Value = "Surface Mount"; VariantName = "[No Variations]"
Add component (AddParameter): Name = "Mounting Technology"; Value = "Surface Mount"; VariantName = "[No Variations]"
Add component (AddParameter): Name = "Package Quantity"; Value = "5000"; VariantName = "[No Variations]"
Add component (AddParameter): Name = "PackageDescription"; Value = "2-Pin Surface Mounted Device, Body 2 x 1.25 mm"; VariantName = "[No Variations]"
Add component (AddParameter): Name = "PackageReference"; Value = "0805"; VariantName = "[No Variations]"
Add component (AddParameter): Name = "Packaging"; Value = "Tape and Reel"; VariantName = "[No Variations]"
Add component (AddParameter): Name = "Pins"; Value = "2"; VariantName = "[No Variations]"
Add component (AddParameter): Name = "REACH SVHC"; Value = "No SVHC"; VariantName = "[No Variations]"
Add component (AddParameter): Name = "RoHSCompliant"; Value = "true"; VariantName = "[No Variations]"
Add component (AddParameter): Name = "Voltage Rating"; Value = "150 V"; VariantName = "[No Variations]"
Add Pin To Net: Unknown Pin: Pin BLU1-1
Add Pin To Net: Unknown Pin: Pin BLU1-2
Add Pin To Net: Unknown Pin: Pin BLU1-11
Add Pin To Net: Unknown Pin: Pin BLU1-12
Add Pin To Net: Unknown Pin: Pin BLU1-13
Add Pin To Net: Unknown Pin: Pin BLU1-21
Add Pin To Net: Unknown Pin: Pin BLU1-22
Add Pin To Net: Unknown Pin: Pin BLU1-26
Added Pin To Net: NetName=GND Pin=D1-1
Added Pin To Net: NetName=+3V3 Pin=D1-2
Added Pin To Net: NetName=D_OUT_A1 Pin=D1-3
Added Pin To Net: NetName=D_OUT_A2 Pin=D1-4
Added Pin To Net: NetName=D_OUT_B2 Pin=D1-5
Added Pin To Net: NetName=D_OUT_B1 Pin=D1-6
Added Pin To Net: NetName=GND Pin=D1-8
Added Pin To Net: NetName=D_PWM_A Pin=D1-9
Added Pin To Net: NetName=D_A_IN_2 Pin=D1-10
Added Pin To Net: NetName=D_A_IN_1 Pin=D1-11
Added Pin To Net: NetName=D_STBY Pin=D1-12
Added Pin To Net: NetName=D_B_IN_1 Pin=D1-13
Added Pin To Net: NetName=D_B_IN_2 Pin=D1-14
Added Pin To Net: NetName=D_PWM_B Pin=D1-15
Added Pin To Net: NetName=GND Pin=D1-16
Added Pin To Net: NetName=+3V3 Pin=DS2-1
Added Pin To Net: NetName=GND Pin=M1-1
Added Pin To Net: NetName=ENC1_OUT_B Pin=M1-2
Added Pin To Net: NetName=ENC1_OUT_A Pin=M1-3
Added Pin To Net: NetName=+3V3 Pin=M1-4
Added Pin To Net: NetName=D_OUT_A2 Pin=M1-5
Added Pin To Net: NetName=D_OUT_A1 Pin=M1-6
Added Pin To Net: NetName=GND Pin=M2-1
Added Pin To Net: NetName=ENC2_OUT_B Pin=M2-2
Added Pin To Net: NetName=ENC2_OUT_A Pin=M2-3
Added Pin To Net: NetName=+3V3 Pin=M2-4
Added Pin To Net: NetName=D_OUT_B2 Pin=M2-5
Added Pin To Net: NetName=D_OUT_B1 Pin=M2-6
Added Pin To Net: NetName=GND Pin=R?-2
Added Pin To Net: NetName=USB_D_N Pin=U1-70
Change Net Name : Old Net Name=NetC?_2 New Net Name=NetC15_2
Change Net Name : Old Net Name=NetDS?_2 New Net Name=NetDS1_2
Change Net Name : Old Net Name=NetJ?_1 New Net Name=NetJ1_1
Added Pin To Net: NetName=NetC16_2 Pin=C16-2
Added Pin To Net: NetName=NetC16_2 Pin=U2-20
Added Net: Name=NetC16_2
Added Pin To Net: NetName=NetDS2_2 Pin=DS2-2
Added Pin To Net: NetName=NetDS2_2 Pin=R?-1
Added Net: Name=NetDS2_2
Added Pin To Net: NetName=SENS1 Pin=J4-2
Added Pin To Net: NetName=SENS1 Pin=U1-22
Added Net: Name=SENS1
Added Pin To Net: NetName=SENS2 Pin=J4-3
Added Pin To Net: NetName=SENS2 Pin=U1-23
Added Net: Name=SENS2
Added Pin To Net: NetName=SENS3 Pin=J4-4
Added Pin To Net: NetName=SENS3 Pin=U1-24
Added Net: Name=SENS3
Added Pin To Net: NetName=SENS4 Pin=J4-5
Added Pin To Net: NetName=SENS4 Pin=U1-25
Added Net: Name=SENS4
Added Pin To Net: NetName=SENS5 Pin=J4-6
Added Pin To Net: NetName=SENS5 Pin=U1-28
Added Net: Name=SENS5
Added Pin To Net: NetName=SENS6 Pin=J4-7
Added Pin To Net: NetName=SENS6 Pin=U1-29
Added Net: Name=SENS6
Added Pin To Net: NetName=SENS7 Pin=J4-8
Added Pin To Net: NetName=SENS7 Pin=U1-30
Added Net: Name=SENS7
Added Pin To Net: NetName=SENS8 Pin=J4-9
Added Pin To Net: NetName=SENS8 Pin=U1-31
Added Net: Name=SENS8
Added Pin To Net: NetName=SENS9 Pin=J4-10
Added Pin To Net: NetName=SENS9 Pin=U1-32
Added Net: Name=SENS9
Added Pin To Net: NetName=SENS10 Pin=J4-11
Added Pin To Net: NetName=SENS10 Pin=U1-33
Added Net: Name=SENS10
Added Pin To Net: NetName=USB_D_P Pin=J1-3
Added Pin To Net: NetName=USB_D_P Pin=U1-71
Added Net: Name=USB_D_P
Added Pin To Net: NetName=VBAT Pin=C10-2
Added Pin To Net: NetName=VBAT Pin=C11-2
Added Pin To Net: NetName=VBAT Pin=D1-7
Added Pin To Net: NetName=VBAT Pin=J3-1
Added Pin To Net: NetName=VBAT Pin=P1-3
Added Net: Name=VBAT
Added Class: Name=SENS[10..1]
Add Class Member: Failed to add class member : Component BLU1 HC-06
Added Member To Class: ClassName=Main_board Member=Component C1 2.2u
Added Member To Class: ClassName=Main_board Member=Component C2 2.2u
Added Member To Class: ClassName=Main_board Member=Component C3 100n
Added Member To Class: ClassName=Main_board Member=Component C4 100n
Added Member To Class: ClassName=Main_board Member=Component C5 100n
Added Member To Class: ClassName=Main_board Member=Component C6 100n
Added Member To Class: ClassName=Main_board Member=Component C7 100n
Added Member To Class: ClassName=Main_board Member=Component C8 2.2u
Added Member To Class: ClassName=Main_board Member=Component C9 100n
Added Member To Class: ClassName=Main_board Member=Component C11 100n
Added Member To Class: ClassName=Main_board Member=Component C12 47u
Added Member To Class: ClassName=Main_board Member=Component C13 100n
Added Member To Class: ClassName=Pheripherials Member=Component C14 100n
Added Member To Class: ClassName=Pheripherials Member=Component C15 100n
Added Member To Class: ClassName=Pheripherials Member=Component C16 2n2
Added Member To Class: ClassName=Pheripherials Member=Component C17 22p
Added Member To Class: ClassName=Pheripherials Member=Component C18 22p
Added Member To Class: ClassName=Pheripherials Member=Component D1 TB6612FNG board
Added Member To Class: ClassName=Pheripherials Member=Component DS2 PG1102W-TR
Added Member To Class: ClassName=Main_board Member=Component J1 Micro USB B connector
Added Member To Class: ClassName=Pheripherials Member=Component J4 FFC connector
Added Member To Class: ClassName=Pheripherials Member=Component M1 Pololu Encoders
Added Member To Class: ClassName=Pheripherials Member=Component M2 Pololu Encoders
Added Member To Class: ClassName=Main_board Member=Component P1 LM1117MP
Added Member To Class: ClassName=Main_board Member=Component R1 10k
Added Member To Class: ClassName=Main_board Member=Component R2 10k
Added Member To Class: ClassName=Main_board Member=Component R3 470R
Added Member To Class: ClassName=Main_board Member=Component R4 4k7
Added Member To Class: ClassName=Pheripherials Member=Component R6 3k
Added Member To Class: ClassName=Pheripherials Member=Component R7 3k
Added Member To Class: ClassName=Main_board Member=Component U1 STM32H743
